[ 2018-04-10T23:10:52+08:00 ] 127.0.0.1 /
INFO: [ app_init ] --START--
INFO: Run Behavior\BuildLiteBehavior [ RunTime:0.000017s ]
INFO: [ app_init ] --END-- [ RunTime:0.001567s ]
INFO: [ app_begin ] --START--
INFO: Run Behavior\ReadHtmlCacheBehavior [ RunTime:0.001292s ]
INFO: [ app_begin ] --END-- [ RunTime:0.001403s ]
NOTIC: [8] A session had already been started - ignoring session_start() E:\xampp\htdocs\moxing\ThinkPHP\Common\functions.php 第 1263 行.
SQL: SHOW COLUMNS FROM `classify` [ RunTime:0.0996s ]
SQL: SELECT * FROM `classify`  [ RunTime:0.0004s ]
INFO: [ view_parse ] --START--
INFO: [ template_filter ] --START--
INFO: Run Behavior\ContentReplaceBehavior [ RunTime:0.000075s ]
INFO: [ template_filter ] --END-- [ RunTime:0.000150s ]
INFO: Run Behavior\ParseTemplateBehavior [ RunTime:0.018571s ]
INFO: [ view_parse ] --END-- [ RunTime:0.018675s ]
INFO: [ view_filter ] --START--
INFO: Run Behavior\WriteHtmlCacheBehavior [ RunTime:0.001028s ]
INFO: [ view_filter ] --END-- [ RunTime:0.001085s ]
INFO: [ app_end ] --START--
INFO: Run Behavior\ShowPageTraceBehavior [ RunTime:0.001250s ]
INFO: [ app_end ] --END-- [ RunTime:0.001300s ]

[ 2018-04-10T23:11:13+08:00 ] 127.0.0.1 /index.php/Home/Index/index.html
INFO: [ app_init ] --START--
INFO: Run Behavior\BuildLiteBehavior [ RunTime:0.000021s ]
INFO: [ app_init ] --END-- [ RunTime:0.000682s ]
INFO: [ app_begin ] --START--
INFO: Run Behavior\ReadHtmlCacheBehavior [ RunTime:0.001723s ]
INFO: [ app_begin ] --END-- [ RunTime:0.001846s ]
NOTIC: [8] A session had already been started - ignoring session_start() E:\xampp\htdocs\moxing\ThinkPHP\Common\functions.php 第 1263 行.
SQL: SHOW COLUMNS FROM `classify` [ RunTime:0.0047s ]
SQL: SELECT * FROM `classify`  [ RunTime:0.0005s ]
INFO: [ view_parse ] --START--
INFO: [ template_filter ] --START--
INFO: Run Behavior\ContentReplaceBehavior [ RunTime:0.000060s ]
INFO: [ template_filter ] --END-- [ RunTime:0.000122s ]
INFO: Run Behavior\ParseTemplateBehavior [ RunTime:0.009010s ]
INFO: [ view_parse ] --END-- [ RunTime:0.009072s ]
INFO: [ view_filter ] --START--
INFO: Run Behavior\WriteHtmlCacheBehavior [ RunTime:0.000885s ]
INFO: [ view_filter ] --END-- [ RunTime:0.000947s ]
INFO: [ app_end ] --START--
INFO: Run Behavior\ShowPageTraceBehavior [ RunTime:0.001679s ]
INFO: [ app_end ] --END-- [ RunTime:0.001752s ]

[ 2018-04-10T23:11:14+08:00 ] 127.0.0.1 /index.php/Home/info/index/cid/1.html
INFO: [ app_init ] --START--
INFO: Run Behavior\BuildLiteBehavior [ RunTime:0.000016s ]
INFO: [ app_init ] --END-- [ RunTime:0.000732s ]
INFO: [ app_begin ] --START--
INFO: Run Behavior\ReadHtmlCacheBehavior [ RunTime:0.001237s ]
INFO: [ app_begin ] --END-- [ RunTime:0.001327s ]
NOTIC: [8] A session had already been started - ignoring session_start() E:\xampp\htdocs\moxing\ThinkPHP\Common\functions.php 第 1263 行.
SQL: SHOW COLUMNS FROM `moxing` [ RunTime:0.0053s ]
SQL: SHOW COLUMNS FROM `classify` [ RunTime:0.0039s ]
SQL: SELECT COUNT(id) AS tp_count FROM `moxing` WHERE `parent_id` = 1 LIMIT 1   [ RunTime:0.0333s ]
SQL: SELECT * FROM `classify` WHERE `id` = 1 LIMIT 1   [ RunTime:0.0004s ]
SQL: SELECT * FROM `moxing` WHERE `parent_id` = 1 LIMIT 0,12   [ RunTime:0.0006s ]
INFO: [ view_parse ] --START--
INFO: [ template_filter ] --START--
INFO: Run Behavior\ContentReplaceBehavior [ RunTime:0.000084s ]
INFO: [ template_filter ] --END-- [ RunTime:0.000166s ]
NOTIC: [8] Undefined offset: 2 E:\xampp\htdocs\moxing\Application\Runtime\Cache\Home\3f36e03cb4a38b2ed27bc75332298af5.php 第 42 行.
NOTIC: [8] Undefined offset: 2 E:\xampp\htdocs\moxing\Application\Runtime\Cache\Home\3f36e03cb4a38b2ed27bc75332298af5.php 第 42 行.
NOTIC: [8] Undefined offset: 3 E:\xampp\htdocs\moxing\Application\Runtime\Cache\Home\3f36e03cb4a38b2ed27bc75332298af5.php 第 43 行.
NOTIC: [8] Undefined offset: 3 E:\xampp\htdocs\moxing\Application\Runtime\Cache\Home\3f36e03cb4a38b2ed27bc75332298af5.php 第 43 行.
NOTIC: [8] Undefined offset: 4 E:\xampp\htdocs\moxing\Application\Runtime\Cache\Home\3f36e03cb4a38b2ed27bc75332298af5.php 第 42 行.
NOTIC: [8] Undefined offset: 4 E:\xampp\htdocs\moxing\Application\Runtime\Cache\Home\3f36e03cb4a38b2ed27bc75332298af5.php 第 42 行.
NOTIC: [8] Undefined offset: 5 E:\xampp\htdocs\moxing\Application\Runtime\Cache\Home\3f36e03cb4a38b2ed27bc75332298af5.php 第 43 行.
NOTIC: [8] Undefined offset: 5 E:\xampp\htdocs\moxing\Application\Runtime\Cache\Home\3f36e03cb4a38b2ed27bc75332298af5.php 第 43 行.
NOTIC: [8] Undefined offset: 6 E:\xampp\htdocs\moxing\Application\Runtime\Cache\Home\3f36e03cb4a38b2ed27bc75332298af5.php 第 42 行.
NOTIC: [8] Undefined offset: 6 E:\xampp\htdocs\moxing\Application\Runtime\Cache\Home\3f36e03cb4a38b2ed27bc75332298af5.php 第 42 行.
NOTIC: [8] Undefined offset: 7 E:\xampp\htdocs\moxing\Application\Runtime\Cache\Home\3f36e03cb4a38b2ed27bc75332298af5.php 第 43 行.
NOTIC: [8] Undefined offset: 7 E:\xampp\htdocs\moxing\Application\Runtime\Cache\Home\3f36e03cb4a38b2ed27bc75332298af5.php 第 43 行.
NOTIC: [8] Undefined offset: 8 E:\xampp\htdocs\moxing\Application\Runtime\Cache\Home\3f36e03cb4a38b2ed27bc75332298af5.php 第 42 行.
NOTIC: [8] Undefined offset: 8 E:\xampp\htdocs\moxing\Application\Runtime\Cache\Home\3f36e03cb4a38b2ed27bc75332298af5.php 第 42 行.
NOTIC: [8] Undefined offset: 9 E:\xampp\htdocs\moxing\Application\Runtime\Cache\Home\3f36e03cb4a38b2ed27bc75332298af5.php 第 43 行.
NOTIC: [8] Undefined offset: 9 E:\xampp\htdocs\moxing\Application\Runtime\Cache\Home\3f36e03cb4a38b2ed27bc75332298af5.php 第 43 行.
INFO: Run Behavior\ParseTemplateBehavior [ RunTime:0.013283s ]
INFO: [ view_parse ] --END-- [ RunTime:0.013349s ]
INFO: [ view_filter ] --START--
INFO: Run Behavior\WriteHtmlCacheBehavior [ RunTime:0.000883s ]
INFO: [ view_filter ] --END-- [ RunTime:0.000929s ]
INFO: [ app_end ] --START--
INFO: Run Behavior\ShowPageTraceBehavior [ RunTime:0.001381s ]
INFO: [ app_end ] --END-- [ RunTime:0.001435s ]

[ 2018-04-10T23:11:16+08:00 ] 127.0.0.1 /index.php/Home/info/index/cid/2.html
INFO: [ app_init ] --START--
INFO: Run Behavior\BuildLiteBehavior [ RunTime:0.000022s ]
INFO: [ app_init ] --END-- [ RunTime:0.000909s ]
INFO: [ app_begin ] --START--
INFO: Run Behavior\ReadHtmlCacheBehavior [ RunTime:0.001300s ]
INFO: [ app_begin ] --END-- [ RunTime:0.001389s ]
NOTIC: [8] A session had already been started - ignoring session_start() E:\xampp\htdocs\moxing\ThinkPHP\Common\functions.php 第 1263 行.
SQL: SHOW COLUMNS FROM `moxing` [ RunTime:0.0045s ]
SQL: SHOW COLUMNS FROM `classify` [ RunTime:0.0036s ]
SQL: SELECT COUNT(id) AS tp_count FROM `moxing` WHERE `parent_id` = 2 LIMIT 1   [ RunTime:0.0005s ]
SQL: SELECT * FROM `classify` WHERE `id` = 2 LIMIT 1   [ RunTime:0.0004s ]
SQL: SELECT * FROM `moxing` WHERE `parent_id` = 2 LIMIT 0,12   [ RunTime:0.0004s ]
INFO: [ view_parse ] --START--
INFO: [ template_filter ] --START--
INFO: Run Behavior\ContentReplaceBehavior [ RunTime:0.000067s ]
INFO: [ template_filter ] --END-- [ RunTime:0.000133s ]
NOTIC: [8] Undefined offset: 1 E:\xampp\htdocs\moxing\Application\Runtime\Cache\Home\3f36e03cb4a38b2ed27bc75332298af5.php 第 43 行.
NOTIC: [8] Undefined offset: 1 E:\xampp\htdocs\moxing\Application\Runtime\Cache\Home\3f36e03cb4a38b2ed27bc75332298af5.php 第 43 行.
NOTIC: [8] Undefined offset: 2 E:\xampp\htdocs\moxing\Application\Runtime\Cache\Home\3f36e03cb4a38b2ed27bc75332298af5.php 第 42 行.
NOTIC: [8] Undefined offset: 2 E:\xampp\htdocs\moxing\Application\Runtime\Cache\Home\3f36e03cb4a38b2ed27bc75332298af5.php 第 42 行.
NOTIC: [8] Undefined offset: 3 E:\xampp\htdocs\moxing\Application\Runtime\Cache\Home\3f36e03cb4a38b2ed27bc75332298af5.php 第 43 行.
NOTIC: [8] Undefined offset: 3 E:\xampp\htdocs\moxing\Application\Runtime\Cache\Home\3f36e03cb4a38b2ed27bc75332298af5.php 第 43 行.
NOTIC: [8] Undefined offset: 4 E:\xampp\htdocs\moxing\Application\Runtime\Cache\Home\3f36e03cb4a38b2ed27bc75332298af5.php 第 42 行.
NOTIC: [8] Undefined offset: 4 E:\xampp\htdocs\moxing\Application\Runtime\Cache\Home\3f36e03cb4a38b2ed27bc75332298af5.php 第 42 行.
NOTIC: [8] Undefined offset: 5 E:\xampp\htdocs\moxing\Application\Runtime\Cache\Home\3f36e03cb4a38b2ed27bc75332298af5.php 第 43 行.
NOTIC: [8] Undefined offset: 5 E:\xampp\htdocs\moxing\Application\Runtime\Cache\Home\3f36e03cb4a38b2ed27bc75332298af5.php 第 43 行.
NOTIC: [8] Undefined offset: 6 E:\xampp\htdocs\moxing\Application\Runtime\Cache\Home\3f36e03cb4a38b2ed27bc75332298af5.php 第 42 行.
NOTIC: [8] Undefined offset: 6 E:\xampp\htdocs\moxing\Application\Runtime\Cache\Home\3f36e03cb4a38b2ed27bc75332298af5.php 第 42 行.
NOTIC: [8] Undefined offset: 7 E:\xampp\htdocs\moxing\Application\Runtime\Cache\Home\3f36e03cb4a38b2ed27bc75332298af5.php 第 43 行.
NOTIC: [8] Undefined offset: 7 E:\xampp\htdocs\moxing\Application\Runtime\Cache\Home\3f36e03cb4a38b2ed27bc75332298af5.php 第 43 行.
NOTIC: [8] Undefined offset: 8 E:\xampp\htdocs\moxing\Application\Runtime\Cache\Home\3f36e03cb4a38b2ed27bc75332298af5.php 第 42 行.
NOTIC: [8] Undefined offset: 8 E:\xampp\htdocs\moxing\Application\Runtime\Cache\Home\3f36e03cb4a38b2ed27bc75332298af5.php 第 42 行.
NOTIC: [8] Undefined offset: 9 E:\xampp\htdocs\moxing\Application\Runtime\Cache\Home\3f36e03cb4a38b2ed27bc75332298af5.php 第 43 行.
NOTIC: [8] Undefined offset: 9 E:\xampp\htdocs\moxing\Application\Runtime\Cache\Home\3f36e03cb4a38b2ed27bc75332298af5.php 第 43 行.
INFO: Run Behavior\ParseTemplateBehavior [ RunTime:0.010548s ]
INFO: [ view_parse ] --END-- [ RunTime:0.010605s ]
INFO: [ view_filter ] --START--
INFO: Run Behavior\WriteHtmlCacheBehavior [ RunTime:0.000929s ]
INFO: [ view_filter ] --END-- [ RunTime:0.000975s ]
INFO: [ app_end ] --START--
INFO: Run Behavior\ShowPageTraceBehavior [ RunTime:0.001108s ]
INFO: [ app_end ] --END-- [ RunTime:0.001157s ]

[ 2018-04-10T23:11:17+08:00 ] 127.0.0.1 /index.php/Home/Detial/index/mid/3.html
INFO: [ app_init ] --START--
INFO: Run Behavior\BuildLiteBehavior [ RunTime:0.000019s ]
INFO: [ app_init ] --END-- [ RunTime:0.000738s ]
INFO: [ app_begin ] --START--
INFO: Run Behavior\ReadHtmlCacheBehavior [ RunTime:0.001502s ]
INFO: [ app_begin ] --END-- [ RunTime:0.001599s ]
NOTIC: [8] A session had already been started - ignoring session_start() E:\xampp\htdocs\moxing\ThinkPHP\Common\functions.php 第 1263 行.
SQL: SHOW COLUMNS FROM `moxing` [ RunTime:0.0036s ]
SQL: SHOW COLUMNS FROM `classify` [ RunTime:0.0046s ]
SQL: SELECT * FROM `moxing` WHERE `id` = 3 LIMIT 1   [ RunTime:0.0004s ]
SQL: SELECT * FROM `classify` WHERE `id` = 2 LIMIT 1   [ RunTime:0.0004s ]
INFO: [ view_parse ] --START--
INFO: [ template_filter ] --START--
INFO: Run Behavior\ContentReplaceBehavior [ RunTime:0.000066s ]
INFO: [ template_filter ] --END-- [ RunTime:0.000129s ]
NOTIC: [8] Undefined offset: 0 E:\xampp\htdocs\moxing\Application\Runtime\Cache\Home\a49b128fdbcf4c07d4f62210c4c1e34e.php 第 33 行.
INFO: Run Behavior\ParseTemplateBehavior [ RunTime:0.051895s ]
INFO: [ view_parse ] --END-- [ RunTime:0.051981s ]
INFO: [ view_filter ] --START--
INFO: Run Behavior\WriteHtmlCacheBehavior [ RunTime:0.000918s ]
INFO: [ view_filter ] --END-- [ RunTime:0.000965s ]
INFO: [ app_end ] --START--
INFO: Run Behavior\ShowPageTraceBehavior [ RunTime:0.001178s ]
INFO: [ app_end ] --END-- [ RunTime:0.001268s ]

[ 2018-04-10T23:11:23+08:00 ] 127.0.0.1 /index.php/Home/Detial/down/fid/3.html
INFO: [ app_init ] --START--
INFO: Run Behavior\BuildLiteBehavior [ RunTime:0.000015s ]
INFO: [ app_init ] --END-- [ RunTime:0.000529s ]
INFO: [ app_begin ] --START--
INFO: Run Behavior\ReadHtmlCacheBehavior [ RunTime:0.000921s ]
INFO: [ app_begin ] --END-- [ RunTime:0.000994s ]
NOTIC: [8] A session had already been started - ignoring session_start() E:\xampp\htdocs\moxing\ThinkPHP\Common\functions.php 第 1263 行.
SQL: SHOW COLUMNS FROM `moxing` [ RunTime:0.0042s ]
SQL: SELECT * FROM `moxing` WHERE `id` = 3 LIMIT 1   [ RunTime:0.0004s ]
INFO: [ app_end ] --START--
INFO: Run Behavior\ShowPageTraceBehavior [ RunTime:0.000874s ]
INFO: [ app_end ] --END-- [ RunTime:0.000935s ]

[ 2018-04-10T23:11:23+08:00 ] 127.0.0.1 /index.php/Home/Detial/down/fid/3.html
INFO: [ app_init ] --START--
INFO: Run Behavior\BuildLiteBehavior [ RunTime:0.000053s ]
INFO: [ app_init ] --END-- [ RunTime:0.001805s ]
INFO: [ app_begin ] --START--
INFO: Run Behavior\ReadHtmlCacheBehavior [ RunTime:0.001255s ]
INFO: [ app_begin ] --END-- [ RunTime:0.001485s ]
NOTIC: [8] A session had already been started - ignoring session_start() E:\xampp\htdocs\moxing\ThinkPHP\Common\functions.php 第 1263 行.
SQL: SHOW COLUMNS FROM `moxing` [ RunTime:0.0081s ]
SQL: SELECT * FROM `moxing` WHERE `id` = 3 LIMIT 1   [ RunTime:0.0007s ]
INFO: [ app_end ] --START--
INFO: Run Behavior\ShowPageTraceBehavior [ RunTime:0.001298s ]
INFO: [ app_end ] --END-- [ RunTime:0.001405s ]

[ 2018-04-10T23:24:41+08:00 ] 127.0.0.1 /
INFO: [ app_init ] --START--
INFO: Run Behavior\BuildLiteBehavior [ RunTime:0.000025s ]
INFO: [ app_init ] --END-- [ RunTime:0.000895s ]
INFO: [ app_begin ] --START--
INFO: Run Behavior\ReadHtmlCacheBehavior [ RunTime:0.001802s ]
INFO: [ app_begin ] --END-- [ RunTime:0.001914s ]
NOTIC: [8] A session had already been started - ignoring session_start() E:\xampp\htdocs\moxing\ThinkPHP\Common\functions.php 第 1263 行.
SQL: SHOW COLUMNS FROM `classify` [ RunTime:0.0061s ]
SQL: SELECT * FROM `classify`  [ RunTime:0.0006s ]
INFO: [ view_parse ] --START--
INFO: [ template_filter ] --START--
INFO: Run Behavior\ContentReplaceBehavior [ RunTime:0.000095s ]
INFO: [ template_filter ] --END-- [ RunTime:0.000185s ]
INFO: Run Behavior\ParseTemplateBehavior [ RunTime:0.011993s ]
INFO: [ view_parse ] --END-- [ RunTime:0.012098s ]
INFO: [ view_filter ] --START--
INFO: Run Behavior\WriteHtmlCacheBehavior [ RunTime:0.000901s ]
INFO: [ view_filter ] --END-- [ RunTime:0.001067s ]
INFO: [ app_end ] --START--
INFO: Run Behavior\ShowPageTraceBehavior [ RunTime:0.001525s ]
INFO: [ app_end ] --END-- [ RunTime:0.001614s ]

[ 2018-04-10T23:28:50+08:00 ] 127.0.0.1 /index.php/Home/Index/index.html
INFO: [ app_init ] --START--
INFO: Run Behavior\BuildLiteBehavior [ RunTime:0.000025s ]
INFO: [ app_init ] --END-- [ RunTime:0.001024s ]
INFO: [ app_begin ] --START--
INFO: Run Behavior\ReadHtmlCacheBehavior [ RunTime:0.001071s ]
INFO: [ app_begin ] --END-- [ RunTime:0.001165s ]
NOTIC: [8] A session had already been started - ignoring session_start() E:\xampp\htdocs\moxing\ThinkPHP\Common\functions.php 第 1263 行.
SQL: SHOW COLUMNS FROM `classify` [ RunTime:0.0061s ]
SQL: SELECT * FROM `classify`  [ RunTime:0.0007s ]
INFO: [ view_parse ] --START--
INFO: [ template_filter ] --START--
INFO: Run Behavior\ContentReplaceBehavior [ RunTime:0.000092s ]
INFO: [ template_filter ] --END-- [ RunTime:0.000189s ]
INFO: Run Behavior\ParseTemplateBehavior [ RunTime:0.009864s ]
INFO: [ view_parse ] --END-- [ RunTime:0.009961s ]
INFO: [ view_filter ] --START--
INFO: Run Behavior\WriteHtmlCacheBehavior [ RunTime:0.000709s ]
INFO: [ view_filter ] --END-- [ RunTime:0.000780s ]
INFO: [ app_end ] --START--
INFO: Run Behavior\ShowPageTraceBehavior [ RunTime:0.001548s ]
INFO: [ app_end ] --END-- [ RunTime:0.001654s ]

[ 2018-04-10T23:28:52+08:00 ] 127.0.0.1 /index.php/Home/info/index/cid/4.html
INFO: [ app_init ] --START--
INFO: Run Behavior\BuildLiteBehavior [ RunTime:0.000015s ]
INFO: [ app_init ] --END-- [ RunTime:0.000617s ]
INFO: [ app_begin ] --START--
INFO: Run Behavior\ReadHtmlCacheBehavior [ RunTime:0.001100s ]
INFO: [ app_begin ] --END-- [ RunTime:0.001202s ]
NOTIC: [8] A session had already been started - ignoring session_start() E:\xampp\htdocs\moxing\ThinkPHP\Common\functions.php 第 1263 行.
SQL: SHOW COLUMNS FROM `moxing` [ RunTime:0.0060s ]
SQL: SHOW COLUMNS FROM `classify` [ RunTime:0.0036s ]
SQL: SELECT COUNT(id) AS tp_count FROM `moxing` WHERE `parent_id` = 4 LIMIT 1   [ RunTime:0.0005s ]
SQL: SELECT * FROM `classify` WHERE `id` = 4 LIMIT 1   [ RunTime:0.0004s ]
SQL: SELECT * FROM `moxing` WHERE `parent_id` = 4 LIMIT 0,12   [ RunTime:0.0004s ]
INFO: [ view_parse ] --START--
INFO: [ template_filter ] --START--
INFO: Run Behavior\ContentReplaceBehavior [ RunTime:0.000065s ]
INFO: [ template_filter ] --END-- [ RunTime:0.000121s ]
NOTIC: [8] Undefined offset: 0 E:\xampp\htdocs\moxing\Application\Runtime\Cache\Home\3f36e03cb4a38b2ed27bc75332298af5.php 第 42 行.
NOTIC: [8] Undefined offset: 0 E:\xampp\htdocs\moxing\Application\Runtime\Cache\Home\3f36e03cb4a38b2ed27bc75332298af5.php 第 42 行.
NOTIC: [8] Undefined offset: 1 E:\xampp\htdocs\moxing\Application\Runtime\Cache\Home\3f36e03cb4a38b2ed27bc75332298af5.php 第 43 行.
NOTIC: [8] Undefined offset: 1 E:\xampp\htdocs\moxing\Application\Runtime\Cache\Home\3f36e03cb4a38b2ed27bc75332298af5.php 第 43 行.
NOTIC: [8] Undefined offset: 2 E:\xampp\htdocs\moxing\Application\Runtime\Cache\Home\3f36e03cb4a38b2ed27bc75332298af5.php 第 42 行.
NOTIC: [8] Undefined offset: 2 E:\xampp\htdocs\moxing\Application\Runtime\Cache\Home\3f36e03cb4a38b2ed27bc75332298af5.php 第 42 行.
NOTIC: [8] Undefined offset: 3 E:\xampp\htdocs\moxing\Application\Runtime\Cache\Home\3f36e03cb4a38b2ed27bc75332298af5.php 第 43 行.
NOTIC: [8] Undefined offset: 3 E:\xampp\htdocs\moxing\Application\Runtime\Cache\Home\3f36e03cb4a38b2ed27bc75332298af5.php 第 43 行.
NOTIC: [8] Undefined offset: 4 E:\xampp\htdocs\moxing\Application\Runtime\Cache\Home\3f36e03cb4a38b2ed27bc75332298af5.php 第 42 行.
NOTIC: [8] Undefined offset: 4 E:\xampp\htdocs\moxing\Application\Runtime\Cache\Home\3f36e03cb4a38b2ed27bc75332298af5.php 第 42 行.
NOTIC: [8] Undefined offset: 5 E:\xampp\htdocs\moxing\Application\Runtime\Cache\Home\3f36e03cb4a38b2ed27bc75332298af5.php 第 43 行.
NOTIC: [8] Undefined offset: 5 E:\xampp\htdocs\moxing\Application\Runtime\Cache\Home\3f36e03cb4a38b2ed27bc75332298af5.php 第 43 行.
NOTIC: [8] Undefined offset: 6 E:\xampp\htdocs\moxing\Application\Runtime\Cache\Home\3f36e03cb4a38b2ed27bc75332298af5.php 第 42 行.
NOTIC: [8] Undefined offset: 6 E:\xampp\htdocs\moxing\Application\Runtime\Cache\Home\3f36e03cb4a38b2ed27bc75332298af5.php 第 42 行.
NOTIC: [8] Undefined offset: 7 E:\xampp\htdocs\moxing\Application\Runtime\Cache\Home\3f36e03cb4a38b2ed27bc75332298af5.php 第 43 行.
NOTIC: [8] Undefined offset: 7 E:\xampp\htdocs\moxing\Application\Runtime\Cache\Home\3f36e03cb4a38b2ed27bc75332298af5.php 第 43 行.
NOTIC: [8] Undefined offset: 8 E:\xampp\htdocs\moxing\Application\Runtime\Cache\Home\3f36e03cb4a38b2ed27bc75332298af5.php 第 42 行.
NOTIC: [8] Undefined offset: 8 E:\xampp\htdocs\moxing\Application\Runtime\Cache\Home\3f36e03cb4a38b2ed27bc75332298af5.php 第 42 行.
NOTIC: [8] Undefined offset: 9 E:\xampp\htdocs\moxing\Application\Runtime\Cache\Home\3f36e03cb4a38b2ed27bc75332298af5.php 第 43 行.
NOTIC: [8] Undefined offset: 9 E:\xampp\htdocs\moxing\Application\Runtime\Cache\Home\3f36e03cb4a38b2ed27bc75332298af5.php 第 43 行.
INFO: Run Behavior\ParseTemplateBehavior [ RunTime:0.008568s ]
INFO: [ view_parse ] --END-- [ RunTime:0.008628s ]
INFO: [ view_filter ] --START--
INFO: Run Behavior\WriteHtmlCacheBehavior [ RunTime:0.000826s ]
INFO: [ view_filter ] --END-- [ RunTime:0.000906s ]
INFO: [ app_end ] --START--
INFO: Run Behavior\ShowPageTraceBehavior [ RunTime:0.001180s ]
INFO: [ app_end ] --END-- [ RunTime:0.001261s ]

[ 2018-04-10T23:28:55+08:00 ] 127.0.0.1 /index.php/Home/info/index/cid/4.html
INFO: [ app_init ] --START--
INFO: Run Behavior\BuildLiteBehavior [ RunTime:0.000016s ]
INFO: [ app_init ] --END-- [ RunTime:0.000658s ]
INFO: [ app_begin ] --START--
INFO: Run Behavior\ReadHtmlCacheBehavior [ RunTime:0.000876s ]
INFO: [ app_begin ] --END-- [ RunTime:0.000936s ]
NOTIC: [8] A session had already been started - ignoring session_start() E:\xampp\htdocs\moxing\ThinkPHP\Common\functions.php 第 1263 行.
SQL: SHOW COLUMNS FROM `moxing` [ RunTime:0.0035s ]
SQL: SHOW COLUMNS FROM `classify` [ RunTime:0.0034s ]
SQL: SELECT COUNT(id) AS tp_count FROM `moxing` WHERE `parent_id` = 4 LIMIT 1   [ RunTime:0.0004s ]
SQL: SELECT * FROM `classify` WHERE `id` = 4 LIMIT 1   [ RunTime:0.0004s ]
SQL: SELECT * FROM `moxing` WHERE `parent_id` = 4 LIMIT 0,12   [ RunTime:0.0004s ]
INFO: [ view_parse ] --START--
INFO: [ template_filter ] --START--
INFO: Run Behavior\ContentReplaceBehavior [ RunTime:0.000067s ]
INFO: [ template_filter ] --END-- [ RunTime:0.000129s ]
NOTIC: [8] Undefined offset: 0 E:\xampp\htdocs\moxing\Application\Runtime\Cache\Home\3f36e03cb4a38b2ed27bc75332298af5.php 第 42 行.
NOTIC: [8] Undefined offset: 0 E:\xampp\htdocs\moxing\Application\Runtime\Cache\Home\3f36e03cb4a38b2ed27bc75332298af5.php 第 42 行.
NOTIC: [8] Undefined offset: 1 E:\xampp\htdocs\moxing\Application\Runtime\Cache\Home\3f36e03cb4a38b2ed27bc75332298af5.php 第 43 行.
NOTIC: [8] Undefined offset: 1 E:\xampp\htdocs\moxing\Application\Runtime\Cache\Home\3f36e03cb4a38b2ed27bc75332298af5.php 第 43 行.
NOTIC: [8] Undefined offset: 2 E:\xampp\htdocs\moxing\Application\Runtime\Cache\Home\3f36e03cb4a38b2ed27bc75332298af5.php 第 42 行.
NOTIC: [8] Undefined offset: 2 E:\xampp\htdocs\moxing\Application\Runtime\Cache\Home\3f36e03cb4a38b2ed27bc75332298af5.php 第 42 行.
NOTIC: [8] Undefined offset: 3 E:\xampp\htdocs\moxing\Application\Runtime\Cache\Home\3f36e03cb4a38b2ed27bc75332298af5.php 第 43 行.
NOTIC: [8] Undefined offset: 3 E:\xampp\htdocs\moxing\Application\Runtime\Cache\Home\3f36e03cb4a38b2ed27bc75332298af5.php 第 43 行.
NOTIC: [8] Undefined offset: 4 E:\xampp\htdocs\moxing\Application\Runtime\Cache\Home\3f36e03cb4a38b2ed27bc75332298af5.php 第 42 行.
NOTIC: [8] Undefined offset: 4 E:\xampp\htdocs\moxing\Application\Runtime\Cache\Home\3f36e03cb4a38b2ed27bc75332298af5.php 第 42 行.
NOTIC: [8] Undefined offset: 5 E:\xampp\htdocs\moxing\Application\Runtime\Cache\Home\3f36e03cb4a38b2ed27bc75332298af5.php 第 43 行.
NOTIC: [8] Undefined offset: 5 E:\xampp\htdocs\moxing\Application\Runtime\Cache\Home\3f36e03cb4a38b2ed27bc75332298af5.php 第 43 行.
NOTIC: [8] Undefined offset: 6 E:\xampp\htdocs\moxing\Application\Runtime\Cache\Home\3f36e03cb4a38b2ed27bc75332298af5.php 第 42 行.
NOTIC: [8] Undefined offset: 6 E:\xampp\htdocs\moxing\Application\Runtime\Cache\Home\3f36e03cb4a38b2ed27bc75332298af5.php 第 42 行.
NOTIC: [8] Undefined offset: 7 E:\xampp\htdocs\moxing\Application\Runtime\Cache\Home\3f36e03cb4a38b2ed27bc75332298af5.php 第 43 行.
NOTIC: [8] Undefined offset: 7 E:\xampp\htdocs\moxing\Application\Runtime\Cache\Home\3f36e03cb4a38b2ed27bc75332298af5.php 第 43 行.
NOTIC: [8] Undefined offset: 8 E:\xampp\htdocs\moxing\Application\Runtime\Cache\Home\3f36e03cb4a38b2ed27bc75332298af5.php 第 42 行.
NOTIC: [8] Undefined offset: 8 E:\xampp\htdocs\moxing\Application\Runtime\Cache\Home\3f36e03cb4a38b2ed27bc75332298af5.php 第 42 行.
NOTIC: [8] Undefined offset: 9 E:\xampp\htdocs\moxing\Application\Runtime\Cache\Home\3f36e03cb4a38b2ed27bc75332298af5.php 第 43 行.
NOTIC: [8] Undefined offset: 9 E:\xampp\htdocs\moxing\Application\Runtime\Cache\Home\3f36e03cb4a38b2ed27bc75332298af5.php 第 43 行.
INFO: Run Behavior\ParseTemplateBehavior [ RunTime:0.010468s ]
INFO: [ view_parse ] --END-- [ RunTime:0.010550s ]
INFO: [ view_filter ] --START--
INFO: Run Behavior\WriteHtmlCacheBehavior [ RunTime:0.000715s ]
INFO: [ view_filter ] --END-- [ RunTime:0.000763s ]
INFO: [ app_end ] --START--
INFO: Run Behavior\ShowPageTraceBehavior [ RunTime:0.001016s ]
INFO: [ app_end ] --END-- [ RunTime:0.001077s ]

[ 2018-04-10T23:28:56+08:00 ] 127.0.0.1 /index.php/Home/info/index/cid/4.html
INFO: [ app_init ] --START--
INFO: Run Behavior\BuildLiteBehavior [ RunTime:0.000016s ]
INFO: [ app_init ] --END-- [ RunTime:0.000656s ]
INFO: [ app_begin ] --START--
INFO: Run Behavior\ReadHtmlCacheBehavior [ RunTime:0.000806s ]
INFO: [ app_begin ] --END-- [ RunTime:0.000866s ]
NOTIC: [8] A session had already been started - ignoring session_start() E:\xampp\htdocs\moxing\ThinkPHP\Common\functions.php 第 1263 行.
SQL: SHOW COLUMNS FROM `moxing` [ RunTime:0.0045s ]
SQL: SHOW COLUMNS FROM `classify` [ RunTime:0.0035s ]
SQL: SELECT COUNT(id) AS tp_count FROM `moxing` WHERE `parent_id` = 4 LIMIT 1   [ RunTime:0.0006s ]
SQL: SELECT * FROM `classify` WHERE `id` = 4 LIMIT 1   [ RunTime:0.0008s ]
SQL: SELECT * FROM `moxing` WHERE `parent_id` = 4 LIMIT 0,12   [ RunTime:0.0006s ]
INFO: [ view_parse ] --START--
INFO: [ template_filter ] --START--
INFO: Run Behavior\ContentReplaceBehavior [ RunTime:0.000066s ]
INFO: [ template_filter ] --END-- [ RunTime:0.000125s ]
NOTIC: [8] Undefined offset: 0 E:\xampp\htdocs\moxing\Application\Runtime\Cache\Home\3f36e03cb4a38b2ed27bc75332298af5.php 第 42 行.
NOTIC: [8] Undefined offset: 0 E:\xampp\htdocs\moxing\Application\Runtime\Cache\Home\3f36e03cb4a38b2ed27bc75332298af5.php 第 42 行.
NOTIC: [8] Undefined offset: 1 E:\xampp\htdocs\moxing\Application\Runtime\Cache\Home\3f36e03cb4a38b2ed27bc75332298af5.php 第 43 行.
NOTIC: [8] Undefined offset: 1 E:\xampp\htdocs\moxing\Application\Runtime\Cache\Home\3f36e03cb4a38b2ed27bc75332298af5.php 第 43 行.
NOTIC: [8] Undefined offset: 2 E:\xampp\htdocs\moxing\Application\Runtime\Cache\Home\3f36e03cb4a38b2ed27bc75332298af5.php 第 42 行.
NOTIC: [8] Undefined offset: 2 E:\xampp\htdocs\moxing\Application\Runtime\Cache\Home\3f36e03cb4a38b2ed27bc75332298af5.php 第 42 行.
NOTIC: [8] Undefined offset: 3 E:\xampp\htdocs\moxing\Application\Runtime\Cache\Home\3f36e03cb4a38b2ed27bc75332298af5.php 第 43 行.
NOTIC: [8] Undefined offset: 3 E:\xampp\htdocs\moxing\Application\Runtime\Cache\Home\3f36e03cb4a38b2ed27bc75332298af5.php 第 43 行.
NOTIC: [8] Undefined offset: 4 E:\xampp\htdocs\moxing\Application\Runtime\Cache\Home\3f36e03cb4a38b2ed27bc75332298af5.php 第 42 行.
NOTIC: [8] Undefined offset: 4 E:\xampp\htdocs\moxing\Application\Runtime\Cache\Home\3f36e03cb4a38b2ed27bc75332298af5.php 第 42 行.
NOTIC: [8] Undefined offset: 5 E:\xampp\htdocs\moxing\Application\Runtime\Cache\Home\3f36e03cb4a38b2ed27bc75332298af5.php 第 43 行.
NOTIC: [8] Undefined offset: 5 E:\xampp\htdocs\moxing\Application\Runtime\Cache\Home\3f36e03cb4a38b2ed27bc75332298af5.php 第 43 行.
NOTIC: [8] Undefined offset: 6 E:\xampp\htdocs\moxing\Application\Runtime\Cache\Home\3f36e03cb4a38b2ed27bc75332298af5.php 第 42 行.
NOTIC: [8] Undefined offset: 6 E:\xampp\htdocs\moxing\Application\Runtime\Cache\Home\3f36e03cb4a38b2ed27bc75332298af5.php 第 42 行.
NOTIC: [8] Undefined offset: 7 E:\xampp\htdocs\moxing\Application\Runtime\Cache\Home\3f36e03cb4a38b2ed27bc75332298af5.php 第 43 行.
NOTIC: [8] Undefined offset: 7 E:\xampp\htdocs\moxing\Application\Runtime\Cache\Home\3f36e03cb4a38b2ed27bc75332298af5.php 第 43 行.
NOTIC: [8] Undefined offset: 8 E:\xampp\htdocs\moxing\Application\Runtime\Cache\Home\3f36e03cb4a38b2ed27bc75332298af5.php 第 42 行.
NOTIC: [8] Undefined offset: 8 E:\xampp\htdocs\moxing\Application\Runtime\Cache\Home\3f36e03cb4a38b2ed27bc75332298af5.php 第 42 行.
NOTIC: [8] Undefined offset: 9 E:\xampp\htdocs\moxing\Application\Runtime\Cache\Home\3f36e03cb4a38b2ed27bc75332298af5.php 第 43 行.
NOTIC: [8] Undefined offset: 9 E:\xampp\htdocs\moxing\Application\Runtime\Cache\Home\3f36e03cb4a38b2ed27bc75332298af5.php 第 43 行.
INFO: Run Behavior\ParseTemplateBehavior [ RunTime:0.009113s ]
INFO: [ view_parse ] --END-- [ RunTime:0.009183s ]
INFO: [ view_filter ] --START--
INFO: Run Behavior\WriteHtmlCacheBehavior [ RunTime:0.000555s ]
INFO: [ view_filter ] --END-- [ RunTime:0.000598s ]
INFO: [ app_end ] --START--
INFO: Run Behavior\ShowPageTraceBehavior [ RunTime:0.000823s ]
INFO: [ app_end ] --END-- [ RunTime:0.000871s ]

[ 2018-04-10T23:28:59+08:00 ] 127.0.0.1 /index.php/Home/Index/index.html
INFO: [ app_init ] --START--
INFO: Run Behavior\BuildLiteBehavior [ RunTime:0.000018s ]
INFO: [ app_init ] --END-- [ RunTime:0.000736s ]
INFO: [ app_begin ] --START--
INFO: Run Behavior\ReadHtmlCacheBehavior [ RunTime:0.001833s ]
INFO: [ app_begin ] --END-- [ RunTime:0.002037s ]
NOTIC: [8] A session had already been started - ignoring session_start() E:\xampp\htdocs\moxing\ThinkPHP\Common\functions.php 第 1263 行.
SQL: SHOW COLUMNS FROM `classify` [ RunTime:0.0048s ]
SQL: SELECT * FROM `classify`  [ RunTime:0.0006s ]
INFO: [ view_parse ] --START--
INFO: [ template_filter ] --START--
INFO: Run Behavior\ContentReplaceBehavior [ RunTime:0.000060s ]
INFO: [ template_filter ] --END-- [ RunTime:0.000123s ]
INFO: Run Behavior\ParseTemplateBehavior [ RunTime:0.008214s ]
INFO: [ view_parse ] --END-- [ RunTime:0.008274s ]
INFO: [ view_filter ] --START--
INFO: Run Behavior\WriteHtmlCacheBehavior [ RunTime:0.000598s ]
INFO: [ view_filter ] --END-- [ RunTime:0.000644s ]
INFO: [ app_end ] --START--
INFO: Run Behavior\ShowPageTraceBehavior [ RunTime:0.000865s ]
INFO: [ app_end ] --END-- [ RunTime:0.000912s ]

[ 2018-04-10T23:29:25+08:00 ] 127.0.0.1 /index.php/Home/Index/index.html
INFO: [ app_init ] --START--
INFO: Run Behavior\BuildLiteBehavior [ RunTime:0.000025s ]
INFO: [ app_init ] --END-- [ RunTime:0.002172s ]
INFO: [ app_begin ] --START--
INFO: Run Behavior\ReadHtmlCacheBehavior [ RunTime:0.001198s ]
INFO: [ app_begin ] --END-- [ RunTime:0.001311s ]
NOTIC: [8] A session had already been started - ignoring session_start() E:\xampp\htdocs\moxing\ThinkPHP\Common\functions.php 第 1263 行.
SQL: SHOW COLUMNS FROM `classify` [ RunTime:0.0039s ]
SQL: SELECT * FROM `classify`  [ RunTime:0.0004s ]
INFO: [ view_parse ] --START--
INFO: [ template_filter ] --START--
INFO: Run Behavior\ContentReplaceBehavior [ RunTime:0.000063s ]
INFO: [ template_filter ] --END-- [ RunTime:0.000125s ]
INFO: Run Behavior\ParseTemplateBehavior [ RunTime:0.009044s ]
INFO: [ view_parse ] --END-- [ RunTime:0.009140s ]
INFO: [ view_filter ] --START--
INFO: Run Behavior\WriteHtmlCacheBehavior [ RunTime:0.000873s ]
INFO: [ view_filter ] --END-- [ RunTime:0.000943s ]
INFO: [ app_end ] --START--
INFO: Run Behavior\ShowPageTraceBehavior [ RunTime:0.000914s ]
INFO: [ app_end ] --END-- [ RunTime:0.000984s ]

[ 2018-04-10T23:29:26+08:00 ] 127.0.0.1 /index.php/Home/info/index/cid/3.html
INFO: [ app_init ] --START--
INFO: Run Behavior\BuildLiteBehavior [ RunTime:0.000018s ]
INFO: [ app_init ] --END-- [ RunTime:0.000822s ]
INFO: [ app_begin ] --START--
INFO: Run Behavior\ReadHtmlCacheBehavior [ RunTime:0.000879s ]
INFO: [ app_begin ] --END-- [ RunTime:0.000959s ]
NOTIC: [8] A session had already been started - ignoring session_start() E:\xampp\htdocs\moxing\ThinkPHP\Common\functions.php 第 1263 行.
SQL: SHOW COLUMNS FROM `moxing` [ RunTime:0.0046s ]
SQL: SHOW COLUMNS FROM `classify` [ RunTime:0.0035s ]
SQL: SELECT COUNT(id) AS tp_count FROM `moxing` WHERE `parent_id` = 3 LIMIT 1   [ RunTime:0.0004s ]
SQL: SELECT * FROM `classify` WHERE `id` = 3 LIMIT 1   [ RunTime:0.0004s ]
SQL: SELECT * FROM `moxing` WHERE `parent_id` = 3 LIMIT 0,12   [ RunTime:0.0004s ]
INFO: [ view_parse ] --START--
INFO: [ template_filter ] --START--
INFO: Run Behavior\ContentReplaceBehavior [ RunTime:0.000065s ]
INFO: [ template_filter ] --END-- [ RunTime:0.000125s ]
NOTIC: [8] Undefined offset: 1 E:\xampp\htdocs\moxing\Application\Runtime\Cache\Home\3f36e03cb4a38b2ed27bc75332298af5.php 第 43 行.
NOTIC: [8] Undefined offset: 1 E:\xampp\htdocs\moxing\Application\Runtime\Cache\Home\3f36e03cb4a38b2ed27bc75332298af5.php 第 43 行.
NOTIC: [8] Undefined offset: 2 E:\xampp\htdocs\moxing\Application\Runtime\Cache\Home\3f36e03cb4a38b2ed27bc75332298af5.php 第 42 行.
NOTIC: [8] Undefined offset: 2 E:\xampp\htdocs\moxing\Application\Runtime\Cache\Home\3f36e03cb4a38b2ed27bc75332298af5.php 第 42 行.
NOTIC: [8] Undefined offset: 3 E:\xampp\htdocs\moxing\Application\Runtime\Cache\Home\3f36e03cb4a38b2ed27bc75332298af5.php 第 43 行.
NOTIC: [8] Undefined offset: 3 E:\xampp\htdocs\moxing\Application\Runtime\Cache\Home\3f36e03cb4a38b2ed27bc75332298af5.php 第 43 行.
NOTIC: [8] Undefined offset: 4 E:\xampp\htdocs\moxing\Application\Runtime\Cache\Home\3f36e03cb4a38b2ed27bc75332298af5.php 第 42 行.
NOTIC: [8] Undefined offset: 4 E:\xampp\htdocs\moxing\Application\Runtime\Cache\Home\3f36e03cb4a38b2ed27bc75332298af5.php 第 42 行.
NOTIC: [8] Undefined offset: 5 E:\xampp\htdocs\moxing\Application\Runtime\Cache\Home\3f36e03cb4a38b2ed27bc75332298af5.php 第 43 行.
NOTIC: [8] Undefined offset: 5 E:\xampp\htdocs\moxing\Application\Runtime\Cache\Home\3f36e03cb4a38b2ed27bc75332298af5.php 第 43 行.
NOTIC: [8] Undefined offset: 6 E:\xampp\htdocs\moxing\Application\Runtime\Cache\Home\3f36e03cb4a38b2ed27bc75332298af5.php 第 42 行.
NOTIC: [8] Undefined offset: 6 E:\xampp\htdocs\moxing\Application\Runtime\Cache\Home\3f36e03cb4a38b2ed27bc75332298af5.php 第 42 行.
NOTIC: [8] Undefined offset: 7 E:\xampp\htdocs\moxing\Application\Runtime\Cache\Home\3f36e03cb4a38b2ed27bc75332298af5.php 第 43 行.
NOTIC: [8] Undefined offset: 7 E:\xampp\htdocs\moxing\Application\Runtime\Cache\Home\3f36e03cb4a38b2ed27bc75332298af5.php 第 43 行.
NOTIC: [8] Undefined offset: 8 E:\xampp\htdocs\moxing\Application\Runtime\Cache\Home\3f36e03cb4a38b2ed27bc75332298af5.php 第 42 行.
NOTIC: [8] Undefined offset: 8 E:\xampp\htdocs\moxing\Application\Runtime\Cache\Home\3f36e03cb4a38b2ed27bc75332298af5.php 第 42 行.
NOTIC: [8] Undefined offset: 9 E:\xampp\htdocs\moxing\Application\Runtime\Cache\Home\3f36e03cb4a38b2ed27bc75332298af5.php 第 43 行.
NOTIC: [8] Undefined offset: 9 E:\xampp\htdocs\moxing\Application\Runtime\Cache\Home\3f36e03cb4a38b2ed27bc75332298af5.php 第 43 行.
INFO: Run Behavior\ParseTemplateBehavior [ RunTime:0.010991s ]
INFO: [ view_parse ] --END-- [ RunTime:0.011056s ]
INFO: [ view_filter ] --START--
INFO: Run Behavior\WriteHtmlCacheBehavior [ RunTime:0.000741s ]
INFO: [ view_filter ] --END-- [ RunTime:0.000790s ]
INFO: [ app_end ] --START--
INFO: Run Behavior\ShowPageTraceBehavior [ RunTime:0.000860s ]
INFO: [ app_end ] --END-- [ RunTime:0.000931s ]

[ 2018-04-10T23:29:27+08:00 ] 127.0.0.1 /index.php/Home/Detial/index/mid/4.html
INFO: [ app_init ] --START--
INFO: Run Behavior\BuildLiteBehavior [ RunTime:0.000024s ]
INFO: [ app_init ] --END-- [ RunTime:0.000604s ]
INFO: [ app_begin ] --START--
INFO: Run Behavior\ReadHtmlCacheBehavior [ RunTime:0.000805s ]
INFO: [ app_begin ] --END-- [ RunTime:0.000905s ]
NOTIC: [8] A session had already been started - ignoring session_start() E:\xampp\htdocs\moxing\ThinkPHP\Common\functions.php 第 1263 行.
SQL: SHOW COLUMNS FROM `moxing` [ RunTime:0.0035s ]
SQL: SHOW COLUMNS FROM `classify` [ RunTime:0.0038s ]
SQL: SELECT * FROM `moxing` WHERE `id` = 4 LIMIT 1   [ RunTime:0.0005s ]
SQL: SELECT * FROM `classify` WHERE `id` = 3 LIMIT 1   [ RunTime:0.0004s ]
INFO: [ view_parse ] --START--
INFO: [ template_filter ] --START--
INFO: Run Behavior\ContentReplaceBehavior [ RunTime:0.000086s ]
INFO: [ template_filter ] --END-- [ RunTime:0.000185s ]
NOTIC: [8] Undefined offset: 0 E:\xampp\htdocs\moxing\Application\Runtime\Cache\Home\a49b128fdbcf4c07d4f62210c4c1e34e.php 第 33 行.
INFO: Run Behavior\ParseTemplateBehavior [ RunTime:0.009893s ]
INFO: [ view_parse ] --END-- [ RunTime:0.009975s ]
INFO: [ view_filter ] --START--
INFO: Run Behavior\WriteHtmlCacheBehavior [ RunTime:0.000682s ]
INFO: [ view_filter ] --END-- [ RunTime:0.000735s ]
INFO: [ app_end ] --START--
INFO: Run Behavior\ShowPageTraceBehavior [ RunTime:0.000879s ]
INFO: [ app_end ] --END-- [ RunTime:0.000953s ]

[ 2018-04-10T23:29:40+08:00 ] 127.0.0.1 /index.php/Home/Detial/down/fid/4.html
INFO: [ app_init ] --START--
INFO: Run Behavior\BuildLiteBehavior [ RunTime:0.000024s ]
INFO: [ app_init ] --END-- [ RunTime:0.001048s ]
INFO: [ app_begin ] --START--
INFO: Run Behavior\ReadHtmlCacheBehavior [ RunTime:0.000972s ]
INFO: [ app_begin ] --END-- [ RunTime:0.001068s ]
NOTIC: [8] A session had already been started - ignoring session_start() E:\xampp\htdocs\moxing\ThinkPHP\Common\functions.php 第 1263 行.
SQL: SHOW COLUMNS FROM `moxing` [ RunTime:0.0043s ]
SQL: SELECT * FROM `moxing` WHERE `id` = 4 LIMIT 1   [ RunTime:0.0004s ]
NOTIC: [2] filesize(): stat failed for E:/xampp/htdocs/moxing/Uploads/File/bitong E:\xampp\htdocs\moxing\Application\Common\Common\function.php 第 37 行.
NOTIC: [2] readfile(E:/xampp/htdocs/moxing/Uploads/File/bitong): failed to open stream: No such file or directory E:\xampp\htdocs\moxing\Application\Common\Common\function.php 第 38 行.
INFO: [ app_end ] --START--
INFO: Run Behavior\ShowPageTraceBehavior [ RunTime:0.000959s ]
INFO: [ app_end ] --END-- [ RunTime:0.001011s ]

[ 2018-04-10T23:32:17+08:00 ] 127.0.0.1 /index.php/Home/Detial/down/fid/4.html
INFO: [ app_init ] --START--
INFO: Run Behavior\BuildLiteBehavior [ RunTime:0.000015s ]
INFO: [ app_init ] --END-- [ RunTime:0.000642s ]
INFO: [ app_begin ] --START--
INFO: Run Behavior\ReadHtmlCacheBehavior [ RunTime:0.000936s ]
INFO: [ app_begin ] --END-- [ RunTime:0.000996s ]
NOTIC: [8] A session had already been started - ignoring session_start() E:\xampp\htdocs\moxing\ThinkPHP\Common\functions.php 第 1263 行.
SQL: SHOW COLUMNS FROM `moxing` [ RunTime:0.0047s ]
SQL: SELECT * FROM `moxing` WHERE `id` = 4 LIMIT 1   [ RunTime:0.0004s ]
NOTIC: [2] filesize(): stat failed for E:/xampp/htdocs/moxing/Uploads/File/bitong E:\xampp\htdocs\moxing\Application\Common\Common\function.php 第 37 行.
NOTIC: [2] readfile(E:/xampp/htdocs/moxing/Uploads/File/bitong): failed to open stream: No such file or directory E:\xampp\htdocs\moxing\Application\Common\Common\function.php 第 38 行.
INFO: [ app_end ] --START--
INFO: Run Behavior\ShowPageTraceBehavior [ RunTime:0.001017s ]
INFO: [ app_end ] --END-- [ RunTime:0.001072s ]

[ 2018-04-10T23:36:50+08:00 ] 127.0.0.1 /index.php/Home/Index/index.html
INFO: [ app_init ] --START--
INFO: Run Behavior\BuildLiteBehavior [ RunTime:0.000016s ]
INFO: [ app_init ] --END-- [ RunTime:0.000718s ]
INFO: [ app_begin ] --START--
INFO: Run Behavior\ReadHtmlCacheBehavior [ RunTime:0.000932s ]
INFO: [ app_begin ] --END-- [ RunTime:0.000997s ]
NOTIC: [8] A session had already been started - ignoring session_start() E:\xampp\htdocs\moxing\ThinkPHP\Common\functions.php 第 1263 行.
SQL: SHOW COLUMNS FROM `classify` [ RunTime:0.0047s ]
SQL: SELECT * FROM `classify`  [ RunTime:0.0004s ]
INFO: [ view_parse ] --START--
INFO: [ template_filter ] --START--
INFO: Run Behavior\ContentReplaceBehavior [ RunTime:0.000073s ]
INFO: [ template_filter ] --END-- [ RunTime:0.000143s ]
INFO: Run Behavior\ParseTemplateBehavior [ RunTime:0.008000s ]
INFO: [ view_parse ] --END-- [ RunTime:0.008067s ]
INFO: [ view_filter ] --START--
INFO: Run Behavior\WriteHtmlCacheBehavior [ RunTime:0.000685s ]
INFO: [ view_filter ] --END-- [ RunTime:0.000733s ]
INFO: [ app_end ] --START--
INFO: Run Behavior\ShowPageTraceBehavior [ RunTime:0.000980s ]
INFO: [ app_end ] --END-- [ RunTime:0.001033s ]

[ 2018-04-10T23:37:46+08:00 ] 127.0.0.1 /index.php/Home/Index/index.html
INFO: [ app_init ] --START--
INFO: Run Behavior\BuildLiteBehavior [ RunTime:0.000016s ]
INFO: [ app_init ] --END-- [ RunTime:0.000603s ]
INFO: [ app_begin ] --START--
INFO: Run Behavior\ReadHtmlCacheBehavior [ RunTime:0.000886s ]
INFO: [ app_begin ] --END-- [ RunTime:0.000948s ]
NOTIC: [8] A session had already been started - ignoring session_start() E:\xampp\htdocs\moxing\ThinkPHP\Common\functions.php 第 1263 行.
SQL: SHOW COLUMNS FROM `classify` [ RunTime:0.0054s ]
SQL: SELECT * FROM `classify`  [ RunTime:0.0007s ]
INFO: [ view_parse ] --START--
INFO: [ template_filter ] --START--
INFO: Run Behavior\ContentReplaceBehavior [ RunTime:0.000062s ]
INFO: [ template_filter ] --END-- [ RunTime:0.000129s ]
INFO: Run Behavior\ParseTemplateBehavior [ RunTime:0.008378s ]
INFO: [ view_parse ] --END-- [ RunTime:0.008459s ]
INFO: [ view_filter ] --START--
INFO: Run Behavior\WriteHtmlCacheBehavior [ RunTime:0.000666s ]
INFO: [ view_filter ] --END-- [ RunTime:0.000721s ]
INFO: [ app_end ] --START--
INFO: Run Behavior\ShowPageTraceBehavior [ RunTime:0.001295s ]
INFO: [ app_end ] --END-- [ RunTime:0.001377s ]

[ 2018-04-10T23:37:47+08:00 ] 127.0.0.1 /index.php/Home/info/index/cid/3.html
INFO: [ app_init ] --START--
INFO: Run Behavior\BuildLiteBehavior [ RunTime:0.000028s ]
INFO: [ app_init ] --END-- [ RunTime:0.001090s ]
INFO: [ app_begin ] --START--
INFO: Run Behavior\ReadHtmlCacheBehavior [ RunTime:0.000799s ]
INFO: [ app_begin ] --END-- [ RunTime:0.000857s ]
NOTIC: [8] A session had already been started - ignoring session_start() E:\xampp\htdocs\moxing\ThinkPHP\Common\functions.php 第 1263 行.
SQL: SHOW COLUMNS FROM `moxing` [ RunTime:0.0046s ]
SQL: SHOW COLUMNS FROM `classify` [ RunTime:0.0034s ]
SQL: SELECT COUNT(id) AS tp_count FROM `moxing` WHERE `parent_id` = 3 LIMIT 1   [ RunTime:0.0004s ]
SQL: SELECT * FROM `classify` WHERE `id` = 3 LIMIT 1   [ RunTime:0.0004s ]
SQL: SELECT * FROM `moxing` WHERE `parent_id` = 3 LIMIT 0,12   [ RunTime:0.0004s ]
INFO: [ view_parse ] --START--
INFO: [ template_filter ] --START--
INFO: Run Behavior\ContentReplaceBehavior [ RunTime:0.000068s ]
INFO: [ template_filter ] --END-- [ RunTime:0.000146s ]
NOTIC: [8] Undefined offset: 1 E:\xampp\htdocs\moxing\Application\Runtime\Cache\Home\3f36e03cb4a38b2ed27bc75332298af5.php 第 43 行.
NOTIC: [8] Undefined offset: 1 E:\xampp\htdocs\moxing\Application\Runtime\Cache\Home\3f36e03cb4a38b2ed27bc75332298af5.php 第 43 行.
NOTIC: [8] Undefined offset: 2 E:\xampp\htdocs\moxing\Application\Runtime\Cache\Home\3f36e03cb4a38b2ed27bc75332298af5.php 第 42 行.
NOTIC: [8] Undefined offset: 2 E:\xampp\htdocs\moxing\Application\Runtime\Cache\Home\3f36e03cb4a38b2ed27bc75332298af5.php 第 42 行.
NOTIC: [8] Undefined offset: 3 E:\xampp\htdocs\moxing\Application\Runtime\Cache\Home\3f36e03cb4a38b2ed27bc75332298af5.php 第 43 行.
NOTIC: [8] Undefined offset: 3 E:\xampp\htdocs\moxing\Application\Runtime\Cache\Home\3f36e03cb4a38b2ed27bc75332298af5.php 第 43 行.
NOTIC: [8] Undefined offset: 4 E:\xampp\htdocs\moxing\Application\Runtime\Cache\Home\3f36e03cb4a38b2ed27bc75332298af5.php 第 42 行.
NOTIC: [8] Undefined offset: 4 E:\xampp\htdocs\moxing\Application\Runtime\Cache\Home\3f36e03cb4a38b2ed27bc75332298af5.php 第 42 行.
NOTIC: [8] Undefined offset: 5 E:\xampp\htdocs\moxing\Application\Runtime\Cache\Home\3f36e03cb4a38b2ed27bc75332298af5.php 第 43 行.
NOTIC: [8] Undefined offset: 5 E:\xampp\htdocs\moxing\Application\Runtime\Cache\Home\3f36e03cb4a38b2ed27bc75332298af5.php 第 43 行.
NOTIC: [8] Undefined offset: 6 E:\xampp\htdocs\moxing\Application\Runtime\Cache\Home\3f36e03cb4a38b2ed27bc75332298af5.php 第 42 行.
NOTIC: [8] Undefined offset: 6 E:\xampp\htdocs\moxing\Application\Runtime\Cache\Home\3f36e03cb4a38b2ed27bc75332298af5.php 第 42 行.
NOTIC: [8] Undefined offset: 7 E:\xampp\htdocs\moxing\Application\Runtime\Cache\Home\3f36e03cb4a38b2ed27bc75332298af5.php 第 43 行.
NOTIC: [8] Undefined offset: 7 E:\xampp\htdocs\moxing\Application\Runtime\Cache\Home\3f36e03cb4a38b2ed27bc75332298af5.php 第 43 行.
NOTIC: [8] Undefined offset: 8 E:\xampp\htdocs\moxing\Application\Runtime\Cache\Home\3f36e03cb4a38b2ed27bc75332298af5.php 第 42 行.
NOTIC: [8] Undefined offset: 8 E:\xampp\htdocs\moxing\Application\Runtime\Cache\Home\3f36e03cb4a38b2ed27bc75332298af5.php 第 42 行.
NOTIC: [8] Undefined offset: 9 E:\xampp\htdocs\moxing\Application\Runtime\Cache\Home\3f36e03cb4a38b2ed27bc75332298af5.php 第 43 行.
NOTIC: [8] Undefined offset: 9 E:\xampp\htdocs\moxing\Application\Runtime\Cache\Home\3f36e03cb4a38b2ed27bc75332298af5.php 第 43 行.
INFO: Run Behavior\ParseTemplateBehavior [ RunTime:0.010422s ]
INFO: [ view_parse ] --END-- [ RunTime:0.010499s ]
INFO: [ view_filter ] --START--
INFO: Run Behavior\WriteHtmlCacheBehavior [ RunTime:0.000939s ]
INFO: [ view_filter ] --END-- [ RunTime:0.001022s ]
INFO: [ app_end ] --START--
INFO: Run Behavior\ShowPageTraceBehavior [ RunTime:0.001110s ]
INFO: [ app_end ] --END-- [ RunTime:0.001180s ]

[ 2018-04-10T23:37:48+08:00 ] 127.0.0.1 /index.php/Home/Detial/index/mid/7.html
INFO: [ app_init ] --START--
INFO: Run Behavior\BuildLiteBehavior [ RunTime:0.000025s ]
INFO: [ app_init ] --END-- [ RunTime:0.001109s ]
INFO: [ app_begin ] --START--
INFO: Run Behavior\ReadHtmlCacheBehavior [ RunTime:0.000826s ]
INFO: [ app_begin ] --END-- [ RunTime:0.000910s ]
NOTIC: [8] A session had already been started - ignoring session_start() E:\xampp\htdocs\moxing\ThinkPHP\Common\functions.php 第 1263 行.
SQL: SHOW COLUMNS FROM `moxing` [ RunTime:0.0046s ]
SQL: SHOW COLUMNS FROM `classify` [ RunTime:0.0057s ]
SQL: SELECT * FROM `moxing` WHERE `id` = 7 LIMIT 1   [ RunTime:0.0006s ]
SQL: SELECT * FROM `classify` WHERE `id` = 3 LIMIT 1   [ RunTime:0.0004s ]
INFO: [ view_parse ] --START--
INFO: [ template_filter ] --START--
INFO: Run Behavior\ContentReplaceBehavior [ RunTime:0.000069s ]
INFO: [ template_filter ] --END-- [ RunTime:0.000142s ]
NOTIC: [8] Undefined offset: 0 E:\xampp\htdocs\moxing\Application\Runtime\Cache\Home\a49b128fdbcf4c07d4f62210c4c1e34e.php 第 33 行.
INFO: Run Behavior\ParseTemplateBehavior [ RunTime:0.008612s ]
INFO: [ view_parse ] --END-- [ RunTime:0.008682s ]
INFO: [ view_filter ] --START--
INFO: Run Behavior\WriteHtmlCacheBehavior [ RunTime:0.000520s ]
INFO: [ view_filter ] --END-- [ RunTime:0.000562s ]
INFO: [ app_end ] --START--
INFO: Run Behavior\ShowPageTraceBehavior [ RunTime:0.000817s ]
INFO: [ app_end ] --END-- [ RunTime:0.000882s ]

[ 2018-04-10T23:37:50+08:00 ] 127.0.0.1 /index.php/Home/Detial/down/fid/7.html
INFO: [ app_init ] --START--
INFO: Run Behavior\BuildLiteBehavior [ RunTime:0.000016s ]
INFO: [ app_init ] --END-- [ RunTime:0.000657s ]
INFO: [ app_begin ] --START--
INFO: Run Behavior\ReadHtmlCacheBehavior [ RunTime:0.000807s ]
INFO: [ app_begin ] --END-- [ RunTime:0.000866s ]
NOTIC: [8] A session had already been started - ignoring session_start() E:\xampp\htdocs\moxing\ThinkPHP\Common\functions.php 第 1263 行.
SQL: SHOW COLUMNS FROM `moxing` [ RunTime:0.0035s ]
SQL: SELECT * FROM `moxing` WHERE `id` = 7 LIMIT 1   [ RunTime:0.0004s ]
INFO: [ app_end ] --START--
INFO: Run Behavior\ShowPageTraceBehavior [ RunTime:0.000896s ]
INFO: [ app_end ] --END-- [ RunTime:0.000971s ]

[ 2018-04-10T23:41:33+08:00 ] 127.0.0.1 /
INFO: [ app_init ] --START--
INFO: Run Behavior\BuildLiteBehavior [ RunTime:0.000030s ]
INFO: [ app_init ] --END-- [ RunTime:0.001216s ]
INFO: [ app_begin ] --START--
INFO: Run Behavior\ReadHtmlCacheBehavior [ RunTime:0.001433s ]
INFO: [ app_begin ] --END-- [ RunTime:0.001576s ]
NOTIC: [8] A session had already been started - ignoring session_start() E:\xampp\htdocs\moxing\ThinkPHP\Common\functions.php 第 1263 行.
SQL: SHOW COLUMNS FROM `classify` [ RunTime:0.0283s ]
SQL: SELECT * FROM `classify`  [ RunTime:0.0006s ]
INFO: [ view_parse ] --START--
INFO: [ template_filter ] --START--
INFO: Run Behavior\ContentReplaceBehavior [ RunTime:0.000087s ]
INFO: [ template_filter ] --END-- [ RunTime:0.000200s ]
INFO: Run Behavior\ParseTemplateBehavior [ RunTime:0.011531s ]
INFO: [ view_parse ] --END-- [ RunTime:0.011633s ]
INFO: [ view_filter ] --START--
INFO: Run Behavior\WriteHtmlCacheBehavior [ RunTime:0.000987s ]
INFO: [ view_filter ] --END-- [ RunTime:0.001074s ]
INFO: [ app_end ] --START--
INFO: Run Behavior\ShowPageTraceBehavior [ RunTime:0.001365s ]
INFO: [ app_end ] --END-- [ RunTime:0.001455s ]

[ 2018-04-10T23:41:44+08:00 ] 127.0.0.1 /index.php/Home/info/index/cid/1.html
INFO: [ app_init ] --START--
INFO: Run Behavior\BuildLiteBehavior [ RunTime:0.000024s ]
INFO: [ app_init ] --END-- [ RunTime:0.000681s ]
INFO: [ app_begin ] --START--
INFO: Run Behavior\ReadHtmlCacheBehavior [ RunTime:0.001128s ]
INFO: [ app_begin ] --END-- [ RunTime:0.001236s ]
NOTIC: [8] A session had already been started - ignoring session_start() E:\xampp\htdocs\moxing\ThinkPHP\Common\functions.php 第 1263 行.
SQL: SHOW COLUMNS FROM `moxing` [ RunTime:0.0080s ]
SQL: SHOW COLUMNS FROM `classify` [ RunTime:0.0048s ]
SQL: SELECT COUNT(id) AS tp_count FROM `moxing` WHERE `parent_id` = 1 LIMIT 1   [ RunTime:0.0016s ]
SQL: SELECT * FROM `classify` WHERE `id` = 1 LIMIT 1   [ RunTime:0.0007s ]
SQL: SELECT * FROM `moxing` WHERE `parent_id` = 1 LIMIT 0,12   [ RunTime:0.0007s ]
INFO: [ view_parse ] --START--
INFO: [ template_filter ] --START--
INFO: Run Behavior\ContentReplaceBehavior [ RunTime:0.000097s ]
INFO: [ template_filter ] --END-- [ RunTime:0.000198s ]
INFO: Run Behavior\ParseTemplateBehavior [ RunTime:0.015647s ]
INFO: [ view_parse ] --END-- [ RunTime:0.015812s ]
INFO: [ view_filter ] --START--
INFO: Run Behavior\WriteHtmlCacheBehavior [ RunTime:0.001006s ]
INFO: [ view_filter ] --END-- [ RunTime:0.001092s ]
INFO: [ app_end ] --START--
INFO: Run Behavior\ShowPageTraceBehavior [ RunTime:0.001090s ]
INFO: [ app_end ] --END-- [ RunTime:0.001167s ]

[ 2018-04-10T23:41:46+08:00 ] 127.0.0.1 /index.php/Home/Detial/index/mid/1.html
INFO: [ app_init ] --START--
INFO: Run Behavior\BuildLiteBehavior [ RunTime:0.000015s ]
INFO: [ app_init ] --END-- [ RunTime:0.000642s ]
INFO: [ app_begin ] --START--
INFO: Run Behavior\ReadHtmlCacheBehavior [ RunTime:0.000866s ]
INFO: [ app_begin ] --END-- [ RunTime:0.000931s ]
NOTIC: [8] A session had already been started - ignoring session_start() E:\xampp\htdocs\moxing\ThinkPHP\Common\functions.php 第 1263 行.
SQL: SHOW COLUMNS FROM `moxing` [ RunTime:0.0038s ]
SQL: SHOW COLUMNS FROM `classify` [ RunTime:0.0062s ]
SQL: SELECT * FROM `moxing` WHERE `id` = 1 LIMIT 1   [ RunTime:0.0005s ]
SQL: SELECT * FROM `classify` WHERE `id` = 1 LIMIT 1   [ RunTime:0.0004s ]
INFO: [ view_parse ] --START--
INFO: [ template_filter ] --START--
INFO: Run Behavior\ContentReplaceBehavior [ RunTime:0.000094s ]
INFO: [ template_filter ] --END-- [ RunTime:0.000184s ]
NOTIC: [8] Undefined offset: 0 E:\xampp\htdocs\moxing\Application\Runtime\Cache\Home\a49b128fdbcf4c07d4f62210c4c1e34e.php 第 33 行.
INFO: Run Behavior\ParseTemplateBehavior [ RunTime:0.008140s ]
INFO: [ view_parse ] --END-- [ RunTime:0.008200s ]
INFO: [ view_filter ] --START--
INFO: Run Behavior\WriteHtmlCacheBehavior [ RunTime:0.000733s ]
INFO: [ view_filter ] --END-- [ RunTime:0.000789s ]
INFO: [ app_end ] --START--
INFO: Run Behavior\ShowPageTraceBehavior [ RunTime:0.001134s ]
INFO: [ app_end ] --END-- [ RunTime:0.001207s ]

[ 2018-04-10T23:41:48+08:00 ] 127.0.0.1 /index.php/Home/Index/index.html
INFO: [ app_init ] --START--
INFO: Run Behavior\BuildLiteBehavior [ RunTime:0.000016s ]
INFO: [ app_init ] --END-- [ RunTime:0.000578s ]
INFO: [ app_begin ] --START--
INFO: Run Behavior\ReadHtmlCacheBehavior [ RunTime:0.001317s ]
INFO: [ app_begin ] --END-- [ RunTime:0.001417s ]
NOTIC: [8] A session had already been started - ignoring session_start() E:\xampp\htdocs\moxing\ThinkPHP\Common\functions.php 第 1263 行.
SQL: SHOW COLUMNS FROM `classify` [ RunTime:0.0041s ]
SQL: SELECT * FROM `classify`  [ RunTime:0.0004s ]
INFO: [ view_parse ] --START--
INFO: [ template_filter ] --START--
INFO: Run Behavior\ContentReplaceBehavior [ RunTime:0.000060s ]
INFO: [ template_filter ] --END-- [ RunTime:0.000124s ]
INFO: Run Behavior\ParseTemplateBehavior [ RunTime:0.008031s ]
INFO: [ view_parse ] --END-- [ RunTime:0.008097s ]
INFO: [ view_filter ] --START--
INFO: Run Behavior\WriteHtmlCacheBehavior [ RunTime:0.000614s ]
INFO: [ view_filter ] --END-- [ RunTime:0.000661s ]
INFO: [ app_end ] --START--
INFO: Run Behavior\ShowPageTraceBehavior [ RunTime:0.001425s ]
INFO: [ app_end ] --END-- [ RunTime:0.001521s ]

[ 2018-04-10T23:41:49+08:00 ] 127.0.0.1 /index.php/Home/info/index/cid/1.html
INFO: [ app_init ] --START--
INFO: Run Behavior\BuildLiteBehavior [ RunTime:0.000016s ]
INFO: [ app_init ] --END-- [ RunTime:0.000662s ]
INFO: [ app_begin ] --START--
INFO: Run Behavior\ReadHtmlCacheBehavior [ RunTime:0.000832s ]
INFO: [ app_begin ] --END-- [ RunTime:0.000894s ]
NOTIC: [8] A session had already been started - ignoring session_start() E:\xampp\htdocs\moxing\ThinkPHP\Common\functions.php 第 1263 行.
SQL: SHOW COLUMNS FROM `moxing` [ RunTime:0.0036s ]
SQL: SHOW COLUMNS FROM `classify` [ RunTime:0.0038s ]
SQL: SELECT COUNT(id) AS tp_count FROM `moxing` WHERE `parent_id` = 1 LIMIT 1   [ RunTime:0.0004s ]
SQL: SELECT * FROM `classify` WHERE `id` = 1 LIMIT 1   [ RunTime:0.0004s ]
SQL: SELECT * FROM `moxing` WHERE `parent_id` = 1 LIMIT 0,12   [ RunTime:0.0004s ]
INFO: [ view_parse ] --START--
INFO: [ template_filter ] --START--
INFO: Run Behavior\ContentReplaceBehavior [ RunTime:0.000079s ]
INFO: [ template_filter ] --END-- [ RunTime:0.000154s ]
INFO: Run Behavior\ParseTemplateBehavior [ RunTime:0.011349s ]
INFO: [ view_parse ] --END-- [ RunTime:0.011454s ]
INFO: [ view_filter ] --START--
INFO: Run Behavior\WriteHtmlCacheBehavior [ RunTime:0.000803s ]
INFO: [ view_filter ] --END-- [ RunTime:0.000882s ]
INFO: [ app_end ] --START--
INFO: Run Behavior\ShowPageTraceBehavior [ RunTime:0.001123s ]
INFO: [ app_end ] --END-- [ RunTime:0.001205s ]

[ 2018-04-10T23:41:53+08:00 ] 127.0.0.1 /index.php/Home/Index/index.html
INFO: [ app_init ] --START--
INFO: Run Behavior\BuildLiteBehavior [ RunTime:0.000025s ]
INFO: [ app_init ] --END-- [ RunTime:0.000762s ]
INFO: [ app_begin ] --START--
INFO: Run Behavior\ReadHtmlCacheBehavior [ RunTime:0.000919s ]
INFO: [ app_begin ] --END-- [ RunTime:0.001004s ]
NOTIC: [8] A session had already been started - ignoring session_start() E:\xampp\htdocs\moxing\ThinkPHP\Common\functions.php 第 1263 行.
SQL: SHOW COLUMNS FROM `classify` [ RunTime:0.0042s ]
SQL: SELECT * FROM `classify`  [ RunTime:0.0005s ]
INFO: [ view_parse ] --START--
INFO: [ template_filter ] --START--
INFO: Run Behavior\ContentReplaceBehavior [ RunTime:0.000062s ]
INFO: [ template_filter ] --END-- [ RunTime:0.000124s ]
INFO: Run Behavior\ParseTemplateBehavior [ RunTime:0.007626s ]
INFO: [ view_parse ] --END-- [ RunTime:0.007692s ]
INFO: [ view_filter ] --START--
INFO: Run Behavior\WriteHtmlCacheBehavior [ RunTime:0.000591s ]
INFO: [ view_filter ] --END-- [ RunTime:0.000638s ]
INFO: [ app_end ] --START--
INFO: Run Behavior\ShowPageTraceBehavior [ RunTime:0.000852s ]
INFO: [ app_end ] --END-- [ RunTime:0.000915s ]

[ 2018-04-10T23:42:05+08:00 ] 127.0.0.1 /index.php/Home/Index/index.html
INFO: [ app_init ] --START--
INFO: Run Behavior\BuildLiteBehavior [ RunTime:0.000026s ]
INFO: [ app_init ] --END-- [ RunTime:0.000698s ]
INFO: [ app_begin ] --START--
INFO: Run Behavior\ReadHtmlCacheBehavior [ RunTime:0.001029s ]
INFO: [ app_begin ] --END-- [ RunTime:0.001158s ]
NOTIC: [8] A session had already been started - ignoring session_start() E:\xampp\htdocs\moxing\ThinkPHP\Common\functions.php 第 1263 行.
SQL: SHOW COLUMNS FROM `classify` [ RunTime:0.0041s ]
SQL: SELECT * FROM `classify`  [ RunTime:0.0005s ]
INFO: [ view_parse ] --START--
INFO: [ template_filter ] --START--
INFO: Run Behavior\ContentReplaceBehavior [ RunTime:0.000076s ]
INFO: [ template_filter ] --END-- [ RunTime:0.000156s ]
INFO: Run Behavior\ParseTemplateBehavior [ RunTime:0.009976s ]
INFO: [ view_parse ] --END-- [ RunTime:0.010063s ]
INFO: [ view_filter ] --START--
INFO: Run Behavior\WriteHtmlCacheBehavior [ RunTime:0.000696s ]
INFO: [ view_filter ] --END-- [ RunTime:0.000766s ]
INFO: [ app_end ] --START--
INFO: Run Behavior\ShowPageTraceBehavior [ RunTime:0.000956s ]
INFO: [ app_end ] --END-- [ RunTime:0.001021s ]

[ 2018-04-10T23:42:06+08:00 ] 127.0.0.1 /index.php/Home/info/index/cid/1.html
INFO: [ app_init ] --START--
INFO: Run Behavior\BuildLiteBehavior [ RunTime:0.000017s ]
INFO: [ app_init ] --END-- [ RunTime:0.000679s ]
INFO: [ app_begin ] --START--
INFO: Run Behavior\ReadHtmlCacheBehavior [ RunTime:0.000883s ]
INFO: [ app_begin ] --END-- [ RunTime:0.000964s ]
NOTIC: [8] A session had already been started - ignoring session_start() E:\xampp\htdocs\moxing\ThinkPHP\Common\functions.php 第 1263 行.
SQL: SHOW COLUMNS FROM `moxing` [ RunTime:0.0045s ]
SQL: SHOW COLUMNS FROM `classify` [ RunTime:0.0048s ]
SQL: SELECT COUNT(id) AS tp_count FROM `moxing` WHERE `parent_id` = 1 LIMIT 1   [ RunTime:0.0004s ]
SQL: SELECT * FROM `classify` WHERE `id` = 1 LIMIT 1   [ RunTime:0.0004s ]
SQL: SELECT * FROM `moxing` WHERE `parent_id` = 1 LIMIT 0,12   [ RunTime:0.0004s ]
INFO: [ view_parse ] --START--
INFO: [ template_filter ] --START--
INFO: Run Behavior\ContentReplaceBehavior [ RunTime:0.000071s ]
INFO: [ template_filter ] --END-- [ RunTime:0.000154s ]
INFO: Run Behavior\ParseTemplateBehavior [ RunTime:0.008830s ]
INFO: [ view_parse ] --END-- [ RunTime:0.008897s ]
INFO: [ view_filter ] --START--
INFO: Run Behavior\WriteHtmlCacheBehavior [ RunTime:0.000606s ]
INFO: [ view_filter ] --END-- [ RunTime:0.000672s ]
INFO: [ app_end ] --START--
INFO: Run Behavior\ShowPageTraceBehavior [ RunTime:0.001005s ]
INFO: [ app_end ] --END-- [ RunTime:0.001072s ]

[ 2018-04-10T23:42:07+08:00 ] 127.0.0.1 /index.php/Home/info/index/p/1/cid/1.html
INFO: [ app_init ] --START--
INFO: Run Behavior\BuildLiteBehavior [ RunTime:0.000015s ]
INFO: [ app_init ] --END-- [ RunTime:0.000549s ]
INFO: [ app_begin ] --START--
INFO: Run Behavior\ReadHtmlCacheBehavior [ RunTime:0.000818s ]
INFO: [ app_begin ] --END-- [ RunTime:0.000885s ]
NOTIC: [8] A session had already been started - ignoring session_start() E:\xampp\htdocs\moxing\ThinkPHP\Common\functions.php 第 1263 行.
SQL: SHOW COLUMNS FROM `moxing` [ RunTime:0.0036s ]
SQL: SHOW COLUMNS FROM `classify` [ RunTime:0.0052s ]
SQL: SELECT COUNT(id) AS tp_count FROM `moxing` WHERE `parent_id` = 1 LIMIT 1   [ RunTime:0.0006s ]
SQL: SELECT * FROM `classify` WHERE `id` = 1 LIMIT 1   [ RunTime:0.0004s ]
SQL: SELECT * FROM `moxing` WHERE `parent_id` = 1 LIMIT 0,12   [ RunTime:0.0004s ]
INFO: [ view_parse ] --START--
INFO: [ template_filter ] --START--
INFO: Run Behavior\ContentReplaceBehavior [ RunTime:0.000066s ]
INFO: [ template_filter ] --END-- [ RunTime:0.000123s ]
INFO: Run Behavior\ParseTemplateBehavior [ RunTime:0.008739s ]
INFO: [ view_parse ] --END-- [ RunTime:0.008821s ]
INFO: [ view_filter ] --START--
INFO: Run Behavior\WriteHtmlCacheBehavior [ RunTime:0.000666s ]
INFO: [ view_filter ] --END-- [ RunTime:0.000717s ]
INFO: [ app_end ] --START--
INFO: Run Behavior\ShowPageTraceBehavior [ RunTime:0.000903s ]
INFO: [ app_end ] --END-- [ RunTime:0.000975s ]

[ 2018-04-10T23:42:10+08:00 ] 127.0.0.1 /index.php/Home/Detial/index/mid/2.html
INFO: [ app_init ] --START--
INFO: Run Behavior\BuildLiteBehavior [ RunTime:0.000016s ]
INFO: [ app_init ] --END-- [ RunTime:0.000564s ]
INFO: [ app_begin ] --START--
INFO: Run Behavior\ReadHtmlCacheBehavior [ RunTime:0.001012s ]
INFO: [ app_begin ] --END-- [ RunTime:0.001111s ]
NOTIC: [8] A session had already been started - ignoring session_start() E:\xampp\htdocs\moxing\ThinkPHP\Common\functions.php 第 1263 行.
SQL: SHOW COLUMNS FROM `moxing` [ RunTime:0.0049s ]
SQL: SHOW COLUMNS FROM `classify` [ RunTime:0.0049s ]
SQL: SELECT * FROM `moxing` WHERE `id` = 2 LIMIT 1   [ RunTime:0.0005s ]
SQL: SELECT * FROM `classify` WHERE `id` = 1 LIMIT 1   [ RunTime:0.0003s ]
INFO: [ view_parse ] --START--
INFO: [ template_filter ] --START--
INFO: Run Behavior\ContentReplaceBehavior [ RunTime:0.000111s ]
INFO: [ template_filter ] --END-- [ RunTime:0.000220s ]
NOTIC: [8] Undefined offset: 0 E:\xampp\htdocs\moxing\Application\Runtime\Cache\Home\a49b128fdbcf4c07d4f62210c4c1e34e.php 第 33 行.
INFO: Run Behavior\ParseTemplateBehavior [ RunTime:0.010965s ]
INFO: [ view_parse ] --END-- [ RunTime:0.011051s ]
INFO: [ view_filter ] --START--
INFO: Run Behavior\WriteHtmlCacheBehavior [ RunTime:0.000566s ]
INFO: [ view_filter ] --END-- [ RunTime:0.000613s ]
INFO: [ app_end ] --START--
INFO: Run Behavior\ShowPageTraceBehavior [ RunTime:0.000767s ]
INFO: [ app_end ] --END-- [ RunTime:0.000845s ]

[ 2018-04-10T23:42:14+08:00 ] 127.0.0.1 /index.php/Home/Index/index.html
INFO: [ app_init ] --START--
INFO: Run Behavior\BuildLiteBehavior [ RunTime:0.000016s ]
INFO: [ app_init ] --END-- [ RunTime:0.000674s ]
INFO: [ app_begin ] --START--
INFO: Run Behavior\ReadHtmlCacheBehavior [ RunTime:0.000796s ]
INFO: [ app_begin ] --END-- [ RunTime:0.000858s ]
NOTIC: [8] A session had already been started - ignoring session_start() E:\xampp\htdocs\moxing\ThinkPHP\Common\functions.php 第 1263 行.
SQL: SHOW COLUMNS FROM `classify` [ RunTime:0.0036s ]
SQL: SELECT * FROM `classify`  [ RunTime:0.0004s ]
INFO: [ view_parse ] --START--
INFO: [ template_filter ] --START--
INFO: Run Behavior\ContentReplaceBehavior [ RunTime:0.000059s ]
INFO: [ template_filter ] --END-- [ RunTime:0.000118s ]
INFO: Run Behavior\ParseTemplateBehavior [ RunTime:0.007843s ]
INFO: [ view_parse ] --END-- [ RunTime:0.007931s ]
INFO: [ view_filter ] --START--
INFO: Run Behavior\WriteHtmlCacheBehavior [ RunTime:0.000710s ]
INFO: [ view_filter ] --END-- [ RunTime:0.000777s ]
INFO: [ app_end ] --START--
INFO: Run Behavior\ShowPageTraceBehavior [ RunTime:0.001006s ]
INFO: [ app_end ] --END-- [ RunTime:0.001060s ]

[ 2018-04-10T23:42:56+08:00 ] 127.0.0.1 /index.php/Home/info/index/cid/1.html
INFO: [ app_init ] --START--
INFO: Run Behavior\BuildLiteBehavior [ RunTime:0.000017s ]
INFO: [ app_init ] --END-- [ RunTime:0.000766s ]
INFO: [ app_begin ] --START--
INFO: Run Behavior\ReadHtmlCacheBehavior [ RunTime:0.001036s ]
INFO: [ app_begin ] --END-- [ RunTime:0.001115s ]
NOTIC: [8] A session had already been started - ignoring session_start() E:\xampp\htdocs\moxing\ThinkPHP\Common\functions.php 第 1263 行.
SQL: SHOW COLUMNS FROM `moxing` [ RunTime:0.0050s ]
SQL: SHOW COLUMNS FROM `classify` [ RunTime:0.0048s ]
SQL: SELECT COUNT(id) AS tp_count FROM `moxing` WHERE `parent_id` = 1 LIMIT 1   [ RunTime:0.0005s ]
SQL: SELECT * FROM `classify` WHERE `id` = 1 LIMIT 1   [ RunTime:0.0004s ]
SQL: SELECT * FROM `moxing` WHERE `parent_id` = 1 LIMIT 0,12   [ RunTime:0.0004s ]
INFO: [ view_parse ] --START--
INFO: [ template_filter ] --START--
INFO: Run Behavior\ContentReplaceBehavior [ RunTime:0.000066s ]
INFO: [ template_filter ] --END-- [ RunTime:0.000145s ]
INFO: Run Behavior\ParseTemplateBehavior [ RunTime:0.009621s ]
INFO: [ view_parse ] --END-- [ RunTime:0.009705s ]
INFO: [ view_filter ] --START--
INFO: Run Behavior\WriteHtmlCacheBehavior [ RunTime:0.000619s ]
INFO: [ view_filter ] --END-- [ RunTime:0.000665s ]
INFO: [ app_end ] --START--
INFO: Run Behavior\ShowPageTraceBehavior [ RunTime:0.000875s ]
INFO: [ app_end ] --END-- [ RunTime:0.000921s ]

[ 2018-04-10T23:42:57+08:00 ] 127.0.0.1 /index.php/Home/Index/index.html
INFO: [ app_init ] --START--
INFO: Run Behavior\BuildLiteBehavior [ RunTime:0.000022s ]
INFO: [ app_init ] --END-- [ RunTime:0.000763s ]
INFO: [ app_begin ] --START--
INFO: Run Behavior\ReadHtmlCacheBehavior [ RunTime:0.001093s ]
INFO: [ app_begin ] --END-- [ RunTime:0.001170s ]
NOTIC: [8] A session had already been started - ignoring session_start() E:\xampp\htdocs\moxing\ThinkPHP\Common\functions.php 第 1263 行.
SQL: SHOW COLUMNS FROM `classify` [ RunTime:0.0043s ]
SQL: SELECT * FROM `classify`  [ RunTime:0.0005s ]
INFO: [ view_parse ] --START--
INFO: [ template_filter ] --START--
INFO: Run Behavior\ContentReplaceBehavior [ RunTime:0.000062s ]
INFO: [ template_filter ] --END-- [ RunTime:0.000123s ]
INFO: Run Behavior\ParseTemplateBehavior [ RunTime:0.008359s ]
INFO: [ view_parse ] --END-- [ RunTime:0.008423s ]
INFO: [ view_filter ] --START--
INFO: Run Behavior\WriteHtmlCacheBehavior [ RunTime:0.000641s ]
INFO: [ view_filter ] --END-- [ RunTime:0.000735s ]
INFO: [ app_end ] --START--
INFO: Run Behavior\ShowPageTraceBehavior [ RunTime:0.000830s ]
INFO: [ app_end ] --END-- [ RunTime:0.000921s ]

[ 2018-04-10T23:44:43+08:00 ] 127.0.0.1 /index.php/Home/info/index/cid/2.html
INFO: [ app_init ] --START--
INFO: Run Behavior\BuildLiteBehavior [ RunTime:0.000016s ]
INFO: [ app_init ] --END-- [ RunTime:0.000702s ]
INFO: [ app_begin ] --START--
INFO: Run Behavior\ReadHtmlCacheBehavior [ RunTime:0.001153s ]
INFO: [ app_begin ] --END-- [ RunTime:0.001408s ]
NOTIC: [8] A session had already been started - ignoring session_start() E:\xampp\htdocs\moxing\ThinkPHP\Common\functions.php 第 1263 行.
SQL: SHOW COLUMNS FROM `moxing` [ RunTime:0.0039s ]
SQL: SHOW COLUMNS FROM `classify` [ RunTime:0.0034s ]
SQL: SELECT COUNT(id) AS tp_count FROM `moxing` WHERE `parent_id` = 2 LIMIT 1   [ RunTime:0.0004s ]
SQL: SELECT * FROM `classify` WHERE `id` = 2 LIMIT 1   [ RunTime:0.0004s ]
SQL: SELECT * FROM `moxing` WHERE `parent_id` = 2 LIMIT 0,12   [ RunTime:0.0005s ]
INFO: [ view_parse ] --START--
INFO: [ template_filter ] --START--
INFO: Run Behavior\ContentReplaceBehavior [ RunTime:0.000123s ]
INFO: [ template_filter ] --END-- [ RunTime:0.000231s ]
NOTIC: [8] Undefined offset: 1 E:\xampp\htdocs\moxing\Application\Runtime\Cache\Home\3f36e03cb4a38b2ed27bc75332298af5.php 第 43 行.
NOTIC: [8] Undefined offset: 1 E:\xampp\htdocs\moxing\Application\Runtime\Cache\Home\3f36e03cb4a38b2ed27bc75332298af5.php 第 43 行.
INFO: Run Behavior\ParseTemplateBehavior [ RunTime:0.010879s ]
INFO: [ view_parse ] --END-- [ RunTime:0.010952s ]
INFO: [ view_filter ] --START--
INFO: Run Behavior\WriteHtmlCacheBehavior [ RunTime:0.000689s ]
INFO: [ view_filter ] --END-- [ RunTime:0.000761s ]
INFO: [ app_end ] --START--
INFO: Run Behavior\ShowPageTraceBehavior [ RunTime:0.000916s ]
INFO: [ app_end ] --END-- [ RunTime:0.000964s ]

[ 2018-04-10T23:44:44+08:00 ] 127.0.0.1 /index.php/Home/info/index/cid/1.html
INFO: [ app_init ] --START--
INFO: Run Behavior\BuildLiteBehavior [ RunTime:0.000016s ]
INFO: [ app_init ] --END-- [ RunTime:0.000607s ]
INFO: [ app_begin ] --START--
INFO: Run Behavior\ReadHtmlCacheBehavior [ RunTime:0.000936s ]
INFO: [ app_begin ] --END-- [ RunTime:0.001009s ]
NOTIC: [8] A session had already been started - ignoring session_start() E:\xampp\htdocs\moxing\ThinkPHP\Common\functions.php 第 1263 行.
SQL: SHOW COLUMNS FROM `moxing` [ RunTime:0.0044s ]
SQL: SHOW COLUMNS FROM `classify` [ RunTime:0.0046s ]
SQL: SELECT COUNT(id) AS tp_count FROM `moxing` WHERE `parent_id` = 1 LIMIT 1   [ RunTime:0.0005s ]
SQL: SELECT * FROM `classify` WHERE `id` = 1 LIMIT 1   [ RunTime:0.0004s ]
SQL: SELECT * FROM `moxing` WHERE `parent_id` = 1 LIMIT 0,12   [ RunTime:0.0004s ]
INFO: [ view_parse ] --START--
INFO: [ template_filter ] --START--
INFO: Run Behavior\ContentReplaceBehavior [ RunTime:0.000071s ]
INFO: [ template_filter ] --END-- [ RunTime:0.000155s ]
INFO: Run Behavior\ParseTemplateBehavior [ RunTime:0.010870s ]
INFO: [ view_parse ] --END-- [ RunTime:0.010964s ]
INFO: [ view_filter ] --START--
INFO: Run Behavior\WriteHtmlCacheBehavior [ RunTime:0.000546s ]
INFO: [ view_filter ] --END-- [ RunTime:0.000589s ]
INFO: [ app_end ] --START--
INFO: Run Behavior\ShowPageTraceBehavior [ RunTime:0.000890s ]
INFO: [ app_end ] --END-- [ RunTime:0.000937s ]

[ 2018-04-10T23:44:57+08:00 ] 127.0.0.1 /index.php/Home/Index/index.html
INFO: [ app_init ] --START--
INFO: Run Behavior\BuildLiteBehavior [ RunTime:0.000021s ]
INFO: [ app_init ] --END-- [ RunTime:0.000811s ]
INFO: [ app_begin ] --START--
INFO: Run Behavior\ReadHtmlCacheBehavior [ RunTime:0.001210s ]
INFO: [ app_begin ] --END-- [ RunTime:0.001315s ]
NOTIC: [8] A session had already been started - ignoring session_start() E:\xampp\htdocs\moxing\ThinkPHP\Common\functions.php 第 1263 行.
SQL: SHOW COLUMNS FROM `classify` [ RunTime:0.0046s ]
SQL: SELECT * FROM `classify`  [ RunTime:0.0005s ]
INFO: [ view_parse ] --START--
INFO: [ template_filter ] --START--
INFO: Run Behavior\ContentReplaceBehavior [ RunTime:0.000090s ]
INFO: [ template_filter ] --END-- [ RunTime:0.000246s ]
INFO: Run Behavior\ParseTemplateBehavior [ RunTime:0.010031s ]
INFO: [ view_parse ] --END-- [ RunTime:0.010119s ]
INFO: [ view_filter ] --START--
INFO: Run Behavior\WriteHtmlCacheBehavior [ RunTime:0.001014s ]
INFO: [ view_filter ] --END-- [ RunTime:0.001109s ]
INFO: [ app_end ] --START--
INFO: Run Behavior\ShowPageTraceBehavior [ RunTime:0.001172s ]
INFO: [ app_end ] --END-- [ RunTime:0.001243s ]

[ 2018-04-10T23:44:58+08:00 ] 127.0.0.1 /index.php/Home/info/index/cid/2.html
INFO: [ app_init ] --START--
INFO: Run Behavior\BuildLiteBehavior [ RunTime:0.000028s ]
INFO: [ app_init ] --END-- [ RunTime:0.001074s ]
INFO: [ app_begin ] --START--
INFO: Run Behavior\ReadHtmlCacheBehavior [ RunTime:0.000823s ]
INFO: [ app_begin ] --END-- [ RunTime:0.000890s ]
NOTIC: [8] A session had already been started - ignoring session_start() E:\xampp\htdocs\moxing\ThinkPHP\Common\functions.php 第 1263 行.
SQL: SHOW COLUMNS FROM `moxing` [ RunTime:0.0037s ]
SQL: SHOW COLUMNS FROM `classify` [ RunTime:0.0039s ]
SQL: SELECT COUNT(id) AS tp_count FROM `moxing` WHERE `parent_id` = 2 LIMIT 1   [ RunTime:0.0005s ]
SQL: SELECT * FROM `classify` WHERE `id` = 2 LIMIT 1   [ RunTime:0.0004s ]
SQL: SELECT * FROM `moxing` WHERE `parent_id` = 2 LIMIT 0,12   [ RunTime:0.0004s ]
INFO: [ view_parse ] --START--
INFO: [ template_filter ] --START--
INFO: Run Behavior\ContentReplaceBehavior [ RunTime:0.000143s ]
INFO: [ template_filter ] --END-- [ RunTime:0.000241s ]
NOTIC: [8] Undefined offset: 1 E:\xampp\htdocs\moxing\Application\Runtime\Cache\Home\3f36e03cb4a38b2ed27bc75332298af5.php 第 43 行.
NOTIC: [8] Undefined offset: 1 E:\xampp\htdocs\moxing\Application\Runtime\Cache\Home\3f36e03cb4a38b2ed27bc75332298af5.php 第 43 行.
NOTIC: [8] Undefined offset: 2 E:\xampp\htdocs\moxing\Application\Runtime\Cache\Home\3f36e03cb4a38b2ed27bc75332298af5.php 第 42 行.
NOTIC: [8] Undefined offset: 2 E:\xampp\htdocs\moxing\Application\Runtime\Cache\Home\3f36e03cb4a38b2ed27bc75332298af5.php 第 42 行.
NOTIC: [8] Undefined offset: 3 E:\xampp\htdocs\moxing\Application\Runtime\Cache\Home\3f36e03cb4a38b2ed27bc75332298af5.php 第 43 行.
NOTIC: [8] Undefined offset: 3 E:\xampp\htdocs\moxing\Application\Runtime\Cache\Home\3f36e03cb4a38b2ed27bc75332298af5.php 第 43 行.
INFO: Run Behavior\ParseTemplateBehavior [ RunTime:0.009006s ]
INFO: [ view_parse ] --END-- [ RunTime:0.009086s ]
INFO: [ view_filter ] --START--
INFO: Run Behavior\WriteHtmlCacheBehavior [ RunTime:0.000901s ]
INFO: [ view_filter ] --END-- [ RunTime:0.000984s ]
INFO: [ app_end ] --START--
INFO: Run Behavior\ShowPageTraceBehavior [ RunTime:0.000960s ]
INFO: [ app_end ] --END-- [ RunTime:0.001023s ]

[ 2018-04-10T23:45:01+08:00 ] 127.0.0.1 /index.php/Home/info/index/cid/1.html
INFO: [ app_init ] --START--
INFO: Run Behavior\BuildLiteBehavior [ RunTime:0.000016s ]
INFO: [ app_init ] --END-- [ RunTime:0.000597s ]
INFO: [ app_begin ] --START--
INFO: Run Behavior\ReadHtmlCacheBehavior [ RunTime:0.001554s ]
INFO: [ app_begin ] --END-- [ RunTime:0.001648s ]
NOTIC: [8] A session had already been started - ignoring session_start() E:\xampp\htdocs\moxing\ThinkPHP\Common\functions.php 第 1263 行.
SQL: SHOW COLUMNS FROM `moxing` [ RunTime:0.0058s ]
SQL: SHOW COLUMNS FROM `classify` [ RunTime:0.0070s ]
SQL: SELECT COUNT(id) AS tp_count FROM `moxing` WHERE `parent_id` = 1 LIMIT 1   [ RunTime:0.0006s ]
SQL: SELECT * FROM `classify` WHERE `id` = 1 LIMIT 1   [ RunTime:0.0005s ]
SQL: SELECT * FROM `moxing` WHERE `parent_id` = 1 LIMIT 0,12   [ RunTime:0.0005s ]
INFO: [ view_parse ] --START--
INFO: [ template_filter ] --START--
INFO: Run Behavior\ContentReplaceBehavior [ RunTime:0.000098s ]
INFO: [ template_filter ] --END-- [ RunTime:0.000195s ]
NOTIC: [8] Undefined offset: 3 E:\xampp\htdocs\moxing\Application\Runtime\Cache\Home\3f36e03cb4a38b2ed27bc75332298af5.php 第 43 行.
NOTIC: [8] Undefined offset: 3 E:\xampp\htdocs\moxing\Application\Runtime\Cache\Home\3f36e03cb4a38b2ed27bc75332298af5.php 第 43 行.
INFO: Run Behavior\ParseTemplateBehavior [ RunTime:0.012273s ]
INFO: [ view_parse ] --END-- [ RunTime:0.012345s ]
INFO: [ view_filter ] --START--
INFO: Run Behavior\WriteHtmlCacheBehavior [ RunTime:0.000715s ]
INFO: [ view_filter ] --END-- [ RunTime:0.000778s ]
INFO: [ app_end ] --START--
INFO: Run Behavior\ShowPageTraceBehavior [ RunTime:0.001045s ]
INFO: [ app_end ] --END-- [ RunTime:0.001112s ]

[ 2018-04-10T23:45:03+08:00 ] 127.0.0.1 /index.php/Home/Detial/index/mid/8.html
INFO: [ app_init ] --START--
INFO: Run Behavior\BuildLiteBehavior [ RunTime:0.000014s ]
INFO: [ app_init ] --END-- [ RunTime:0.000618s ]
INFO: [ app_begin ] --START--
INFO: Run Behavior\ReadHtmlCacheBehavior [ RunTime:0.000785s ]
INFO: [ app_begin ] --END-- [ RunTime:0.000843s ]
NOTIC: [8] A session had already been started - ignoring session_start() E:\xampp\htdocs\moxing\ThinkPHP\Common\functions.php 第 1263 行.
SQL: SHOW COLUMNS FROM `moxing` [ RunTime:0.0043s ]
SQL: SHOW COLUMNS FROM `classify` [ RunTime:0.0034s ]
SQL: SELECT * FROM `moxing` WHERE `id` = 8 LIMIT 1   [ RunTime:0.0004s ]
SQL: SELECT * FROM `classify` WHERE `id` = 1 LIMIT 1   [ RunTime:0.0004s ]
INFO: [ view_parse ] --START--
INFO: [ template_filter ] --START--
INFO: Run Behavior\ContentReplaceBehavior [ RunTime:0.000070s ]
INFO: [ template_filter ] --END-- [ RunTime:0.000135s ]
NOTIC: [8] Undefined offset: 0 E:\xampp\htdocs\moxing\Application\Runtime\Cache\Home\a49b128fdbcf4c07d4f62210c4c1e34e.php 第 33 行.
INFO: Run Behavior\ParseTemplateBehavior [ RunTime:0.008616s ]
INFO: [ view_parse ] --END-- [ RunTime:0.008674s ]
INFO: [ view_filter ] --START--
INFO: Run Behavior\WriteHtmlCacheBehavior [ RunTime:0.000587s ]
INFO: [ view_filter ] --END-- [ RunTime:0.000635s ]
INFO: [ app_end ] --START--
INFO: Run Behavior\ShowPageTraceBehavior [ RunTime:0.000858s ]
INFO: [ app_end ] --END-- [ RunTime:0.000908s ]

[ 2018-04-10T23:46:25+08:00 ] 127.0.0.1 /index.php/Home/info/index/cid/1.html
INFO: [ app_init ] --START--
INFO: Run Behavior\BuildLiteBehavior [ RunTime:0.000016s ]
INFO: [ app_init ] --END-- [ RunTime:0.000839s ]
INFO: [ app_begin ] --START--
INFO: Run Behavior\ReadHtmlCacheBehavior [ RunTime:0.001060s ]
INFO: [ app_begin ] --END-- [ RunTime:0.001171s ]
NOTIC: [8] A session had already been started - ignoring session_start() E:\xampp\htdocs\moxing\ThinkPHP\Common\functions.php 第 1263 行.
SQL: SHOW COLUMNS FROM `moxing` [ RunTime:0.0038s ]
SQL: SHOW COLUMNS FROM `classify` [ RunTime:0.0045s ]
SQL: SELECT COUNT(id) AS tp_count FROM `moxing` WHERE `parent_id` = 1 LIMIT 1   [ RunTime:0.0007s ]

[ 2018-04-10T23:46:43+08:00 ] 127.0.0.1 /index.php/Home/info/index/cid/1.html
INFO: [ app_init ] --START--
INFO: Run Behavior\BuildLiteBehavior [ RunTime:0.000019s ]
INFO: [ app_init ] --END-- [ RunTime:0.000740s ]
INFO: [ app_begin ] --START--
INFO: Run Behavior\ReadHtmlCacheBehavior [ RunTime:0.001266s ]
INFO: [ app_begin ] --END-- [ RunTime:0.001391s ]
NOTIC: [8] A session had already been started - ignoring session_start() E:\xampp\htdocs\moxing\ThinkPHP\Common\functions.php 第 1263 行.
SQL: SHOW COLUMNS FROM `moxing` [ RunTime:0.0053s ]
SQL: SHOW COLUMNS FROM `classify` [ RunTime:0.0044s ]
SQL: SELECT COUNT(id) AS tp_count FROM `moxing` WHERE `parent_id` = 1 LIMIT 1   [ RunTime:0.0004s ]

[ 2018-04-10T23:46:43+08:00 ] 127.0.0.1 /index.php/Home/info/index/cid/1.html
INFO: [ app_init ] --START--
INFO: Run Behavior\BuildLiteBehavior [ RunTime:0.000016s ]
INFO: [ app_init ] --END-- [ RunTime:0.000641s ]
INFO: [ app_begin ] --START--
INFO: Run Behavior\ReadHtmlCacheBehavior [ RunTime:0.000797s ]
INFO: [ app_begin ] --END-- [ RunTime:0.000866s ]
NOTIC: [8] A session had already been started - ignoring session_start() E:\xampp\htdocs\moxing\ThinkPHP\Common\functions.php 第 1263 行.
SQL: SHOW COLUMNS FROM `moxing` [ RunTime:0.0036s ]
SQL: SHOW COLUMNS FROM `classify` [ RunTime:0.0045s ]
SQL: SELECT COUNT(id) AS tp_count FROM `moxing` WHERE `parent_id` = 1 LIMIT 1   [ RunTime:0.0004s ]

[ 2018-04-10T23:46:44+08:00 ] 127.0.0.1 /index.php/Home/info/index/cid/1.html
INFO: [ app_init ] --START--
INFO: Run Behavior\BuildLiteBehavior [ RunTime:0.000016s ]
INFO: [ app_init ] --END-- [ RunTime:0.000670s ]
INFO: [ app_begin ] --START--
INFO: Run Behavior\ReadHtmlCacheBehavior [ RunTime:0.000887s ]
INFO: [ app_begin ] --END-- [ RunTime:0.000959s ]
NOTIC: [8] A session had already been started - ignoring session_start() E:\xampp\htdocs\moxing\ThinkPHP\Common\functions.php 第 1263 行.
SQL: SHOW COLUMNS FROM `moxing` [ RunTime:0.0037s ]
SQL: SHOW COLUMNS FROM `classify` [ RunTime:0.0035s ]
SQL: SELECT COUNT(id) AS tp_count FROM `moxing` WHERE `parent_id` = 1 LIMIT 1   [ RunTime:0.0005s ]

[ 2018-04-10T23:46:44+08:00 ] 127.0.0.1 /index.php/Home/info/index/cid/1.html
INFO: [ app_init ] --START--
INFO: Run Behavior\BuildLiteBehavior [ RunTime:0.000015s ]
INFO: [ app_init ] --END-- [ RunTime:0.000660s ]
INFO: [ app_begin ] --START--
INFO: Run Behavior\ReadHtmlCacheBehavior [ RunTime:0.000996s ]
INFO: [ app_begin ] --END-- [ RunTime:0.001110s ]
NOTIC: [8] A session had already been started - ignoring session_start() E:\xampp\htdocs\moxing\ThinkPHP\Common\functions.php 第 1263 行.
SQL: SHOW COLUMNS FROM `moxing` [ RunTime:0.0061s ]
SQL: SHOW COLUMNS FROM `classify` [ RunTime:0.0037s ]
SQL: SELECT COUNT(id) AS tp_count FROM `moxing` WHERE `parent_id` = 1 LIMIT 1   [ RunTime:0.0004s ]

[ 2018-04-10T23:46:45+08:00 ] 127.0.0.1 /index.php/Home/Index/index.html
INFO: [ app_init ] --START--
INFO: Run Behavior\BuildLiteBehavior [ RunTime:0.000015s ]
INFO: [ app_init ] --END-- [ RunTime:0.000624s ]
INFO: [ app_begin ] --START--
INFO: Run Behavior\ReadHtmlCacheBehavior [ RunTime:0.000794s ]
INFO: [ app_begin ] --END-- [ RunTime:0.000857s ]
NOTIC: [8] A session had already been started - ignoring session_start() E:\xampp\htdocs\moxing\ThinkPHP\Common\functions.php 第 1263 行.
SQL: SHOW COLUMNS FROM `classify` [ RunTime:0.0035s ]
SQL: SELECT * FROM `classify`  [ RunTime:0.0004s ]
INFO: [ view_parse ] --START--
INFO: [ template_filter ] --START--
INFO: Run Behavior\ContentReplaceBehavior [ RunTime:0.000066s ]
INFO: [ template_filter ] --END-- [ RunTime:0.000136s ]
INFO: Run Behavior\ParseTemplateBehavior [ RunTime:0.010036s ]
INFO: [ view_parse ] --END-- [ RunTime:0.010134s ]
INFO: [ view_filter ] --START--
INFO: Run Behavior\WriteHtmlCacheBehavior [ RunTime:0.000672s ]
INFO: [ view_filter ] --END-- [ RunTime:0.000722s ]
INFO: [ app_end ] --START--
INFO: Run Behavior\ShowPageTraceBehavior [ RunTime:0.000924s ]
INFO: [ app_end ] --END-- [ RunTime:0.000975s ]

[ 2018-04-10T23:46:47+08:00 ] 127.0.0.1 /index.php/Home/info/index/cid/2.html
INFO: [ app_init ] --START--
INFO: Run Behavior\BuildLiteBehavior [ RunTime:0.000016s ]
INFO: [ app_init ] --END-- [ RunTime:0.000561s ]
INFO: [ app_begin ] --START--
INFO: Run Behavior\ReadHtmlCacheBehavior [ RunTime:0.000822s ]
INFO: [ app_begin ] --END-- [ RunTime:0.000881s ]
NOTIC: [8] A session had already been started - ignoring session_start() E:\xampp\htdocs\moxing\ThinkPHP\Common\functions.php 第 1263 行.
SQL: SHOW COLUMNS FROM `moxing` [ RunTime:0.0042s ]
SQL: SHOW COLUMNS FROM `classify` [ RunTime:0.0034s ]
SQL: SELECT COUNT(id) AS tp_count FROM `moxing` WHERE `parent_id` = 2 LIMIT 1   [ RunTime:0.0004s ]

[ 2018-04-10T23:46:49+08:00 ] 127.0.0.1 /index.php/Home/info/index/cid/1.html
INFO: [ app_init ] --START--
INFO: Run Behavior\BuildLiteBehavior [ RunTime:0.000022s ]
INFO: [ app_init ] --END-- [ RunTime:0.000633s ]
INFO: [ app_begin ] --START--
INFO: Run Behavior\ReadHtmlCacheBehavior [ RunTime:0.001035s ]
INFO: [ app_begin ] --END-- [ RunTime:0.001119s ]
NOTIC: [8] A session had already been started - ignoring session_start() E:\xampp\htdocs\moxing\ThinkPHP\Common\functions.php 第 1263 行.
SQL: SHOW COLUMNS FROM `moxing` [ RunTime:0.0042s ]
SQL: SHOW COLUMNS FROM `classify` [ RunTime:0.0049s ]
SQL: SELECT COUNT(id) AS tp_count FROM `moxing` WHERE `parent_id` = 1 LIMIT 1   [ RunTime:0.0005s ]

[ 2018-04-10T23:47:28+08:00 ] 127.0.0.1 /index.php/Home/Index/index.html
INFO: [ app_init ] --START--
INFO: Run Behavior\BuildLiteBehavior [ RunTime:0.000016s ]
INFO: [ app_init ] --END-- [ RunTime:0.000810s ]
INFO: [ app_begin ] --START--
INFO: Run Behavior\ReadHtmlCacheBehavior [ RunTime:0.001022s ]
INFO: [ app_begin ] --END-- [ RunTime:0.001110s ]
NOTIC: [8] A session had already been started - ignoring session_start() E:\xampp\htdocs\moxing\ThinkPHP\Common\functions.php 第 1263 行.
SQL: SHOW COLUMNS FROM `classify` [ RunTime:0.0037s ]
SQL: SELECT * FROM `classify`  [ RunTime:0.0004s ]
INFO: [ view_parse ] --START--
INFO: [ template_filter ] --START--
INFO: Run Behavior\ContentReplaceBehavior [ RunTime:0.000103s ]
INFO: [ template_filter ] --END-- [ RunTime:0.000211s ]
INFO: Run Behavior\ParseTemplateBehavior [ RunTime:0.010409s ]
INFO: [ view_parse ] --END-- [ RunTime:0.010483s ]
INFO: [ view_filter ] --START--
INFO: Run Behavior\WriteHtmlCacheBehavior [ RunTime:0.000736s ]
INFO: [ view_filter ] --END-- [ RunTime:0.000826s ]
INFO: [ app_end ] --START--
INFO: Run Behavior\ShowPageTraceBehavior [ RunTime:0.001175s ]
INFO: [ app_end ] --END-- [ RunTime:0.001240s ]

[ 2018-04-10T23:47:29+08:00 ] 127.0.0.1 /index.php/Home/info/index/cid/1.html
INFO: [ app_init ] --START--
INFO: Run Behavior\BuildLiteBehavior [ RunTime:0.000016s ]
INFO: [ app_init ] --END-- [ RunTime:0.000614s ]
INFO: [ app_begin ] --START--
INFO: Run Behavior\ReadHtmlCacheBehavior [ RunTime:0.000833s ]
INFO: [ app_begin ] --END-- [ RunTime:0.000893s ]
NOTIC: [8] A session had already been started - ignoring session_start() E:\xampp\htdocs\moxing\ThinkPHP\Common\functions.php 第 1263 行.
SQL: SHOW COLUMNS FROM `moxing` [ RunTime:0.0039s ]
SQL: SHOW COLUMNS FROM `classify` [ RunTime:0.0047s ]
SQL: SELECT COUNT(id) AS tp_count FROM `moxing` WHERE `parent_id` = 1 LIMIT 1   [ RunTime:0.0005s ]

[ 2018-04-10T23:48:06+08:00 ] 127.0.0.1 /index.php/Home/info/index/cid/1.html
INFO: [ app_init ] --START--
INFO: Run Behavior\BuildLiteBehavior [ RunTime:0.000017s ]
INFO: [ app_init ] --END-- [ RunTime:0.000876s ]
INFO: [ app_begin ] --START--
INFO: Run Behavior\ReadHtmlCacheBehavior [ RunTime:0.000950s ]
INFO: [ app_begin ] --END-- [ RunTime:0.001054s ]
NOTIC: [8] A session had already been started - ignoring session_start() E:\xampp\htdocs\moxing\ThinkPHP\Common\functions.php 第 1263 行.
SQL: SHOW COLUMNS FROM `moxing` [ RunTime:0.0035s ]
SQL: SHOW COLUMNS FROM `classify` [ RunTime:0.0038s ]
SQL: SELECT COUNT(id) AS tp_count FROM `moxing` WHERE `parent_id` = 1 LIMIT 1   [ RunTime:0.0005s ]

[ 2018-04-10T23:49:14+08:00 ] 127.0.0.1 /index.php/Home/info/index/cid/1.html
INFO: [ app_init ] --START--
INFO: Run Behavior\BuildLiteBehavior [ RunTime:0.000016s ]
INFO: [ app_init ] --END-- [ RunTime:0.000736s ]
INFO: [ app_begin ] --START--
INFO: Run Behavior\ReadHtmlCacheBehavior [ RunTime:0.001001s ]
INFO: [ app_begin ] --END-- [ RunTime:0.001112s ]
NOTIC: [8] A session had already been started - ignoring session_start() E:\xampp\htdocs\moxing\ThinkPHP\Common\functions.php 第 1263 行.
SQL: SHOW COLUMNS FROM `moxing` [ RunTime:0.0042s ]
SQL: SHOW COLUMNS FROM `classify` [ RunTime:0.0039s ]
SQL: SELECT COUNT(id) AS tp_count FROM `moxing` WHERE `parent_id` = 1 LIMIT 1   [ RunTime:0.0007s ]
SQL: SELECT * FROM `classify` WHERE `id` = 1 LIMIT 1   [ RunTime:0.0007s ]
SQL: SELECT * FROM `moxing` WHERE `parent_id` = 1 LIMIT 0,8   [ RunTime:0.0006s ]
INFO: [ view_parse ] --START--
INFO: [ template_filter ] --START--
INFO: Run Behavior\ContentReplaceBehavior [ RunTime:0.000089s ]
INFO: [ template_filter ] --END-- [ RunTime:0.000179s ]
NOTIC: [8] Undefined offset: 3 E:\xampp\htdocs\moxing\Application\Runtime\Cache\Home\3f36e03cb4a38b2ed27bc75332298af5.php 第 43 行.
NOTIC: [8] Undefined offset: 3 E:\xampp\htdocs\moxing\Application\Runtime\Cache\Home\3f36e03cb4a38b2ed27bc75332298af5.php 第 43 行.
NOTIC: [8] Undefined offset: 4 E:\xampp\htdocs\moxing\Application\Runtime\Cache\Home\3f36e03cb4a38b2ed27bc75332298af5.php 第 42 行.
NOTIC: [8] Undefined offset: 4 E:\xampp\htdocs\moxing\Application\Runtime\Cache\Home\3f36e03cb4a38b2ed27bc75332298af5.php 第 42 行.
NOTIC: [8] Undefined offset: 5 E:\xampp\htdocs\moxing\Application\Runtime\Cache\Home\3f36e03cb4a38b2ed27bc75332298af5.php 第 43 行.
NOTIC: [8] Undefined offset: 5 E:\xampp\htdocs\moxing\Application\Runtime\Cache\Home\3f36e03cb4a38b2ed27bc75332298af5.php 第 43 行.
NOTIC: [8] Undefined offset: 6 E:\xampp\htdocs\moxing\Application\Runtime\Cache\Home\3f36e03cb4a38b2ed27bc75332298af5.php 第 42 行.
NOTIC: [8] Undefined offset: 6 E:\xampp\htdocs\moxing\Application\Runtime\Cache\Home\3f36e03cb4a38b2ed27bc75332298af5.php 第 42 行.
NOTIC: [8] Undefined offset: 7 E:\xampp\htdocs\moxing\Application\Runtime\Cache\Home\3f36e03cb4a38b2ed27bc75332298af5.php 第 43 行.
NOTIC: [8] Undefined offset: 7 E:\xampp\htdocs\moxing\Application\Runtime\Cache\Home\3f36e03cb4a38b2ed27bc75332298af5.php 第 43 行.
INFO: Run Behavior\ParseTemplateBehavior [ RunTime:0.009491s ]
INFO: [ view_parse ] --END-- [ RunTime:0.009568s ]
INFO: [ view_filter ] --START--
INFO: Run Behavior\WriteHtmlCacheBehavior [ RunTime:0.000634s ]
INFO: [ view_filter ] --END-- [ RunTime:0.000681s ]
INFO: [ app_end ] --START--
INFO: Run Behavior\ShowPageTraceBehavior [ RunTime:0.000885s ]
INFO: [ app_end ] --END-- [ RunTime:0.000961s ]

[ 2018-04-10T23:49:17+08:00 ] 127.0.0.1 /index.php/Home/info/index/p/1/cid/1.html
INFO: [ app_init ] --START--
INFO: Run Behavior\BuildLiteBehavior [ RunTime:0.000015s ]
INFO: [ app_init ] --END-- [ RunTime:0.000600s ]
INFO: [ app_begin ] --START--
INFO: Run Behavior\ReadHtmlCacheBehavior [ RunTime:0.001454s ]
INFO: [ app_begin ] --END-- [ RunTime:0.001568s ]
NOTIC: [8] A session had already been started - ignoring session_start() E:\xampp\htdocs\moxing\ThinkPHP\Common\functions.php 第 1263 行.
SQL: SHOW COLUMNS FROM `moxing` [ RunTime:0.0053s ]
SQL: SHOW COLUMNS FROM `classify` [ RunTime:0.0035s ]
SQL: SELECT COUNT(id) AS tp_count FROM `moxing` WHERE `parent_id` = 1 LIMIT 1   [ RunTime:0.0004s ]
SQL: SELECT * FROM `classify` WHERE `id` = 1 LIMIT 1   [ RunTime:0.0004s ]
SQL: SELECT * FROM `moxing` WHERE `parent_id` = 1 LIMIT 0,8   [ RunTime:0.0004s ]
INFO: [ view_parse ] --START--
INFO: [ template_filter ] --START--
INFO: Run Behavior\ContentReplaceBehavior [ RunTime:0.000065s ]
INFO: [ template_filter ] --END-- [ RunTime:0.000123s ]
NOTIC: [8] Undefined offset: 3 E:\xampp\htdocs\moxing\Application\Runtime\Cache\Home\3f36e03cb4a38b2ed27bc75332298af5.php 第 43 行.
NOTIC: [8] Undefined offset: 3 E:\xampp\htdocs\moxing\Application\Runtime\Cache\Home\3f36e03cb4a38b2ed27bc75332298af5.php 第 43 行.
NOTIC: [8] Undefined offset: 4 E:\xampp\htdocs\moxing\Application\Runtime\Cache\Home\3f36e03cb4a38b2ed27bc75332298af5.php 第 42 行.
NOTIC: [8] Undefined offset: 4 E:\xampp\htdocs\moxing\Application\Runtime\Cache\Home\3f36e03cb4a38b2ed27bc75332298af5.php 第 42 行.
NOTIC: [8] Undefined offset: 5 E:\xampp\htdocs\moxing\Application\Runtime\Cache\Home\3f36e03cb4a38b2ed27bc75332298af5.php 第 43 行.
NOTIC: [8] Undefined offset: 5 E:\xampp\htdocs\moxing\Application\Runtime\Cache\Home\3f36e03cb4a38b2ed27bc75332298af5.php 第 43 行.
NOTIC: [8] Undefined offset: 6 E:\xampp\htdocs\moxing\Application\Runtime\Cache\Home\3f36e03cb4a38b2ed27bc75332298af5.php 第 42 行.
NOTIC: [8] Undefined offset: 6 E:\xampp\htdocs\moxing\Application\Runtime\Cache\Home\3f36e03cb4a38b2ed27bc75332298af5.php 第 42 行.
NOTIC: [8] Undefined offset: 7 E:\xampp\htdocs\moxing\Application\Runtime\Cache\Home\3f36e03cb4a38b2ed27bc75332298af5.php 第 43 行.
NOTIC: [8] Undefined offset: 7 E:\xampp\htdocs\moxing\Application\Runtime\Cache\Home\3f36e03cb4a38b2ed27bc75332298af5.php 第 43 行.
INFO: Run Behavior\ParseTemplateBehavior [ RunTime:0.009404s ]
INFO: [ view_parse ] --END-- [ RunTime:0.009492s ]
INFO: [ view_filter ] --START--
INFO: Run Behavior\WriteHtmlCacheBehavior [ RunTime:0.000899s ]
INFO: [ view_filter ] --END-- [ RunTime:0.000966s ]
INFO: [ app_end ] --START--
INFO: Run Behavior\ShowPageTraceBehavior [ RunTime:0.000992s ]
INFO: [ app_end ] --END-- [ RunTime:0.001066s ]

[ 2018-04-10T23:49:29+08:00 ] 127.0.0.1 /index.php/Home/info/index/p/1/cid/1.html
INFO: [ app_init ] --START--
INFO: Run Behavior\BuildLiteBehavior [ RunTime:0.000016s ]
INFO: [ app_init ] --END-- [ RunTime:0.000725s ]
INFO: [ app_begin ] --START--
INFO: Run Behavior\ReadHtmlCacheBehavior [ RunTime:0.001026s ]
INFO: [ app_begin ] --END-- [ RunTime:0.001127s ]
NOTIC: [8] A session had already been started - ignoring session_start() E:\xampp\htdocs\moxing\ThinkPHP\Common\functions.php 第 1263 行.
SQL: SHOW COLUMNS FROM `moxing` [ RunTime:0.0039s ]
SQL: SHOW COLUMNS FROM `classify` [ RunTime:0.0036s ]
SQL: SELECT COUNT(id) AS tp_count FROM `moxing` WHERE `parent_id` = 1 LIMIT 1   [ RunTime:0.0005s ]
SQL: SELECT * FROM `classify` WHERE `id` = 1 LIMIT 1   [ RunTime:0.0009s ]
SQL: SELECT * FROM `moxing` WHERE `parent_id` = 1 LIMIT 0,2   [ RunTime:0.0007s ]
INFO: [ view_parse ] --START--
INFO: [ template_filter ] --START--
INFO: Run Behavior\ContentReplaceBehavior [ RunTime:0.000063s ]
INFO: [ template_filter ] --END-- [ RunTime:0.000126s ]
INFO: Run Behavior\ParseTemplateBehavior [ RunTime:0.008836s ]
INFO: [ view_parse ] --END-- [ RunTime:0.008917s ]
INFO: [ view_filter ] --START--
INFO: Run Behavior\WriteHtmlCacheBehavior [ RunTime:0.000635s ]
INFO: [ view_filter ] --END-- [ RunTime:0.000687s ]
INFO: [ app_end ] --START--
INFO: Run Behavior\ShowPageTraceBehavior [ RunTime:0.000863s ]
INFO: [ app_end ] --END-- [ RunTime:0.000908s ]

[ 2018-04-10T23:49:30+08:00 ] 127.0.0.1 /index.php/Home/info/index/p/2/cid/1.html
INFO: [ app_init ] --START--
INFO: Run Behavior\BuildLiteBehavior [ RunTime:0.000027s ]
INFO: [ app_init ] --END-- [ RunTime:0.000698s ]
INFO: [ app_begin ] --START--
INFO: Run Behavior\ReadHtmlCacheBehavior [ RunTime:0.001210s ]
INFO: [ app_begin ] --END-- [ RunTime:0.001328s ]
NOTIC: [8] A session had already been started - ignoring session_start() E:\xampp\htdocs\moxing\ThinkPHP\Common\functions.php 第 1263 行.
SQL: SHOW COLUMNS FROM `moxing` [ RunTime:0.0049s ]
SQL: SHOW COLUMNS FROM `classify` [ RunTime:0.0048s ]
SQL: SELECT COUNT(id) AS tp_count FROM `moxing` WHERE `parent_id` = 1 LIMIT 1   [ RunTime:0.0009s ]
SQL: SELECT * FROM `classify` WHERE `id` = 1 LIMIT 1   [ RunTime:0.0005s ]
SQL: SELECT * FROM `moxing` WHERE `parent_id` = 1 LIMIT 2,2   [ RunTime:0.0005s ]
INFO: [ view_parse ] --START--
INFO: [ template_filter ] --START--
INFO: Run Behavior\ContentReplaceBehavior [ RunTime:0.000069s ]
INFO: [ template_filter ] --END-- [ RunTime:0.000143s ]
NOTIC: [8] Undefined offset: 1 E:\xampp\htdocs\moxing\Application\Runtime\Cache\Home\3f36e03cb4a38b2ed27bc75332298af5.php 第 43 行.
NOTIC: [8] Undefined offset: 1 E:\xampp\htdocs\moxing\Application\Runtime\Cache\Home\3f36e03cb4a38b2ed27bc75332298af5.php 第 43 行.
INFO: Run Behavior\ParseTemplateBehavior [ RunTime:0.009820s ]
INFO: [ view_parse ] --END-- [ RunTime:0.009892s ]
INFO: [ view_filter ] --START--
INFO: Run Behavior\WriteHtmlCacheBehavior [ RunTime:0.000674s ]
INFO: [ view_filter ] --END-- [ RunTime:0.000725s ]
INFO: [ app_end ] --START--
INFO: Run Behavior\ShowPageTraceBehavior [ RunTime:0.000986s ]
INFO: [ app_end ] --END-- [ RunTime:0.001041s ]

