[ 2018-04-08T19:17:49+08:00 ] 127.0.0.1 /index.php/Home/Detial/index/mid/1.html
INFO: [ app_init ] --START--
INFO: Run Behavior\BuildLiteBehavior [ RunTime:0.000057s ]
INFO: [ app_init ] --END-- [ RunTime:0.001163s ]
INFO: [ app_begin ] --START--
INFO: Run Behavior\ReadHtmlCacheBehavior [ RunTime:0.001028s ]
INFO: [ app_begin ] --END-- [ RunTime:0.001112s ]
NOTIC: [8] A session had already been started - ignoring session_start() E:\xampp\htdocs\moxing\ThinkPHP\Common\functions.php 第 1263 行.
SQL: SHOW COLUMNS FROM `moxing` [ RunTime:0.0038s ]
SQL: SHOW COLUMNS FROM `classify` [ RunTime:0.0049s ]
SQL: SELECT * FROM `moxing` WHERE `id` = 1 LIMIT 1   [ RunTime:0.0005s ]
SQL: SELECT * FROM `classify` WHERE `id` = null LIMIT 1   [ RunTime:0.0004s ]
INFO: [ view_parse ] --START--
INFO: [ template_filter ] --START--
INFO: Run Behavior\ContentReplaceBehavior [ RunTime:0.000070s ]
INFO: [ template_filter ] --END-- [ RunTime:0.000137s ]
INFO: Run Behavior\ParseTemplateBehavior [ RunTime:0.011836s ]
INFO: [ view_parse ] --END-- [ RunTime:0.011943s ]
INFO: [ view_filter ] --START--
INFO: Run Behavior\WriteHtmlCacheBehavior [ RunTime:0.000762s ]
INFO: [ view_filter ] --END-- [ RunTime:0.000811s ]
INFO: [ app_end ] --START--
INFO: Run Behavior\ShowPageTraceBehavior [ RunTime:0.000871s ]
INFO: [ app_end ] --END-- [ RunTime:0.000917s ]

[ 2018-04-08T19:17:56+08:00 ] 127.0.0.1 /
INFO: [ app_init ] --START--
INFO: Run Behavior\BuildLiteBehavior [ RunTime:0.000029s ]
INFO: [ app_init ] --END-- [ RunTime:0.000950s ]
INFO: [ app_begin ] --START--
INFO: Run Behavior\ReadHtmlCacheBehavior [ RunTime:0.001501s ]
INFO: [ app_begin ] --END-- [ RunTime:0.001623s ]
NOTIC: [8] A session had already been started - ignoring session_start() E:\xampp\htdocs\moxing\ThinkPHP\Common\functions.php 第 1263 行.
SQL: SHOW COLUMNS FROM `classify` [ RunTime:0.0046s ]
SQL: SELECT * FROM `classify`  [ RunTime:0.0004s ]
INFO: [ view_parse ] --START--
INFO: [ template_filter ] --START--
INFO: Run Behavior\ContentReplaceBehavior [ RunTime:0.000062s ]
INFO: [ template_filter ] --END-- [ RunTime:0.000128s ]
INFO: Run Behavior\ParseTemplateBehavior [ RunTime:0.010785s ]
INFO: [ view_parse ] --END-- [ RunTime:0.010896s ]
INFO: [ view_filter ] --START--
INFO: Run Behavior\WriteHtmlCacheBehavior [ RunTime:0.000849s ]
INFO: [ view_filter ] --END-- [ RunTime:0.000909s ]
INFO: [ app_end ] --START--
INFO: Run Behavior\ShowPageTraceBehavior [ RunTime:0.001037s ]
INFO: [ app_end ] --END-- [ RunTime:0.001087s ]

[ 2018-04-08T19:17:59+08:00 ] 127.0.0.1 /index.php/Home/info/index/cid/1.html
INFO: [ app_init ] --START--
INFO: Run Behavior\BuildLiteBehavior [ RunTime:0.000019s ]
INFO: [ app_init ] --END-- [ RunTime:0.000735s ]
INFO: [ app_begin ] --START--
INFO: Run Behavior\ReadHtmlCacheBehavior [ RunTime:0.001079s ]
INFO: [ app_begin ] --END-- [ RunTime:0.001160s ]
NOTIC: [8] A session had already been started - ignoring session_start() E:\xampp\htdocs\moxing\ThinkPHP\Common\functions.php 第 1263 行.
SQL: SHOW COLUMNS FROM `moxing` [ RunTime:0.0164s ]
SQL: SHOW COLUMNS FROM `classify` [ RunTime:0.0054s ]
SQL: SELECT COUNT(id) AS tp_count FROM `moxing` WHERE `parent_id` = 1 LIMIT 1   [ RunTime:0.0005s ]
SQL: SELECT * FROM `classify` WHERE `id` = 1 LIMIT 1   [ RunTime:0.0004s ]
SQL: SELECT * FROM `moxing` WHERE `parent_id` = 1 LIMIT 0,12   [ RunTime:0.0004s ]
INFO: [ view_parse ] --START--
INFO: [ template_filter ] --START--
INFO: Run Behavior\ContentReplaceBehavior [ RunTime:0.000064s ]
INFO: [ template_filter ] --END-- [ RunTime:0.000125s ]
NOTIC: [8] Undefined offset: 0 E:\xampp\htdocs\moxing\Application\Runtime\Cache\Home\3f36e03cb4a38b2ed27bc75332298af5.php 第 42 行.
NOTIC: [8] Undefined offset: 0 E:\xampp\htdocs\moxing\Application\Runtime\Cache\Home\3f36e03cb4a38b2ed27bc75332298af5.php 第 42 行.
NOTIC: [8] Undefined offset: 1 E:\xampp\htdocs\moxing\Application\Runtime\Cache\Home\3f36e03cb4a38b2ed27bc75332298af5.php 第 43 行.
NOTIC: [8] Undefined offset: 1 E:\xampp\htdocs\moxing\Application\Runtime\Cache\Home\3f36e03cb4a38b2ed27bc75332298af5.php 第 43 行.
NOTIC: [8] Undefined offset: 2 E:\xampp\htdocs\moxing\Application\Runtime\Cache\Home\3f36e03cb4a38b2ed27bc75332298af5.php 第 42 行.
NOTIC: [8] Undefined offset: 2 E:\xampp\htdocs\moxing\Application\Runtime\Cache\Home\3f36e03cb4a38b2ed27bc75332298af5.php 第 42 行.
NOTIC: [8] Undefined offset: 3 E:\xampp\htdocs\moxing\Application\Runtime\Cache\Home\3f36e03cb4a38b2ed27bc75332298af5.php 第 43 行.
NOTIC: [8] Undefined offset: 3 E:\xampp\htdocs\moxing\Application\Runtime\Cache\Home\3f36e03cb4a38b2ed27bc75332298af5.php 第 43 行.
NOTIC: [8] Undefined offset: 4 E:\xampp\htdocs\moxing\Application\Runtime\Cache\Home\3f36e03cb4a38b2ed27bc75332298af5.php 第 42 行.
NOTIC: [8] Undefined offset: 4 E:\xampp\htdocs\moxing\Application\Runtime\Cache\Home\3f36e03cb4a38b2ed27bc75332298af5.php 第 42 行.
NOTIC: [8] Undefined offset: 5 E:\xampp\htdocs\moxing\Application\Runtime\Cache\Home\3f36e03cb4a38b2ed27bc75332298af5.php 第 43 行.
NOTIC: [8] Undefined offset: 5 E:\xampp\htdocs\moxing\Application\Runtime\Cache\Home\3f36e03cb4a38b2ed27bc75332298af5.php 第 43 行.
NOTIC: [8] Undefined offset: 6 E:\xampp\htdocs\moxing\Application\Runtime\Cache\Home\3f36e03cb4a38b2ed27bc75332298af5.php 第 42 行.
NOTIC: [8] Undefined offset: 6 E:\xampp\htdocs\moxing\Application\Runtime\Cache\Home\3f36e03cb4a38b2ed27bc75332298af5.php 第 42 行.
NOTIC: [8] Undefined offset: 7 E:\xampp\htdocs\moxing\Application\Runtime\Cache\Home\3f36e03cb4a38b2ed27bc75332298af5.php 第 43 行.
NOTIC: [8] Undefined offset: 7 E:\xampp\htdocs\moxing\Application\Runtime\Cache\Home\3f36e03cb4a38b2ed27bc75332298af5.php 第 43 行.
NOTIC: [8] Undefined offset: 8 E:\xampp\htdocs\moxing\Application\Runtime\Cache\Home\3f36e03cb4a38b2ed27bc75332298af5.php 第 42 行.
NOTIC: [8] Undefined offset: 8 E:\xampp\htdocs\moxing\Application\Runtime\Cache\Home\3f36e03cb4a38b2ed27bc75332298af5.php 第 42 行.
NOTIC: [8] Undefined offset: 9 E:\xampp\htdocs\moxing\Application\Runtime\Cache\Home\3f36e03cb4a38b2ed27bc75332298af5.php 第 43 行.
NOTIC: [8] Undefined offset: 9 E:\xampp\htdocs\moxing\Application\Runtime\Cache\Home\3f36e03cb4a38b2ed27bc75332298af5.php 第 43 行.
INFO: Run Behavior\ParseTemplateBehavior [ RunTime:0.011231s ]
INFO: [ view_parse ] --END-- [ RunTime:0.011298s ]
INFO: [ view_filter ] --START--
INFO: Run Behavior\WriteHtmlCacheBehavior [ RunTime:0.000838s ]
INFO: [ view_filter ] --END-- [ RunTime:0.000887s ]
INFO: [ app_end ] --START--
INFO: Run Behavior\ShowPageTraceBehavior [ RunTime:0.001091s ]
INFO: [ app_end ] --END-- [ RunTime:0.001139s ]

[ 2018-04-08T19:46:15+08:00 ] 127.0.0.1 /
INFO: [ app_init ] --START--
INFO: Run Behavior\BuildLiteBehavior [ RunTime:0.000015s ]
INFO: [ app_init ] --END-- [ RunTime:0.000704s ]
INFO: [ app_begin ] --START--
INFO: Run Behavior\ReadHtmlCacheBehavior [ RunTime:0.000999s ]
INFO: [ app_begin ] --END-- [ RunTime:0.001060s ]
NOTIC: [8] A session had already been started - ignoring session_start() E:\xampp\htdocs\moxing\ThinkPHP\Common\functions.php 第 1263 行.
SQL: SHOW COLUMNS FROM `classify` [ RunTime:0.0036s ]
SQL: SELECT * FROM `classify`  [ RunTime:0.0004s ]
INFO: [ view_parse ] --START--
INFO: [ template_filter ] --START--
INFO: Run Behavior\ContentReplaceBehavior [ RunTime:0.000060s ]
INFO: [ template_filter ] --END-- [ RunTime:0.000154s ]
INFO: Run Behavior\ParseTemplateBehavior [ RunTime:0.009471s ]
INFO: [ view_parse ] --END-- [ RunTime:0.009548s ]
INFO: [ view_filter ] --START--
INFO: Run Behavior\WriteHtmlCacheBehavior [ RunTime:0.000750s ]
INFO: [ view_filter ] --END-- [ RunTime:0.000806s ]
INFO: [ app_end ] --START--
INFO: Run Behavior\ShowPageTraceBehavior [ RunTime:0.001011s ]
INFO: [ app_end ] --END-- [ RunTime:0.001061s ]

[ 2018-04-08T19:46:17+08:00 ] 127.0.0.1 /index.php/Home/info/index/cid/1.html
INFO: [ app_init ] --START--
INFO: Run Behavior\BuildLiteBehavior [ RunTime:0.000022s ]
INFO: [ app_init ] --END-- [ RunTime:0.000755s ]
INFO: [ app_begin ] --START--
INFO: Run Behavior\ReadHtmlCacheBehavior [ RunTime:0.001288s ]
INFO: [ app_begin ] --END-- [ RunTime:0.001375s ]
NOTIC: [8] A session had already been started - ignoring session_start() E:\xampp\htdocs\moxing\ThinkPHP\Common\functions.php 第 1263 行.
SQL: SHOW COLUMNS FROM `moxing` [ RunTime:0.0037s ]
SQL: SHOW COLUMNS FROM `classify` [ RunTime:0.0036s ]
SQL: SELECT COUNT(id) AS tp_count FROM `moxing` WHERE `parent_id` = 1 LIMIT 1   [ RunTime:0.0005s ]
SQL: SELECT * FROM `classify` WHERE `id` = 1 LIMIT 1   [ RunTime:0.0007s ]
SQL: SELECT * FROM `moxing` WHERE `parent_id` = 1 LIMIT 0,12   [ RunTime:0.0005s ]
INFO: [ view_parse ] --START--
INFO: [ template_filter ] --START--
INFO: Run Behavior\ContentReplaceBehavior [ RunTime:0.000064s ]
INFO: [ template_filter ] --END-- [ RunTime:0.000120s ]
NOTIC: [8] Undefined offset: 0 E:\xampp\htdocs\moxing\Application\Runtime\Cache\Home\3f36e03cb4a38b2ed27bc75332298af5.php 第 42 行.
NOTIC: [8] Undefined offset: 0 E:\xampp\htdocs\moxing\Application\Runtime\Cache\Home\3f36e03cb4a38b2ed27bc75332298af5.php 第 42 行.
NOTIC: [8] Undefined offset: 1 E:\xampp\htdocs\moxing\Application\Runtime\Cache\Home\3f36e03cb4a38b2ed27bc75332298af5.php 第 43 行.
NOTIC: [8] Undefined offset: 1 E:\xampp\htdocs\moxing\Application\Runtime\Cache\Home\3f36e03cb4a38b2ed27bc75332298af5.php 第 43 行.
NOTIC: [8] Undefined offset: 2 E:\xampp\htdocs\moxing\Application\Runtime\Cache\Home\3f36e03cb4a38b2ed27bc75332298af5.php 第 42 行.
NOTIC: [8] Undefined offset: 2 E:\xampp\htdocs\moxing\Application\Runtime\Cache\Home\3f36e03cb4a38b2ed27bc75332298af5.php 第 42 行.
NOTIC: [8] Undefined offset: 3 E:\xampp\htdocs\moxing\Application\Runtime\Cache\Home\3f36e03cb4a38b2ed27bc75332298af5.php 第 43 行.
NOTIC: [8] Undefined offset: 3 E:\xampp\htdocs\moxing\Application\Runtime\Cache\Home\3f36e03cb4a38b2ed27bc75332298af5.php 第 43 行.
NOTIC: [8] Undefined offset: 4 E:\xampp\htdocs\moxing\Application\Runtime\Cache\Home\3f36e03cb4a38b2ed27bc75332298af5.php 第 42 行.
NOTIC: [8] Undefined offset: 4 E:\xampp\htdocs\moxing\Application\Runtime\Cache\Home\3f36e03cb4a38b2ed27bc75332298af5.php 第 42 行.
NOTIC: [8] Undefined offset: 5 E:\xampp\htdocs\moxing\Application\Runtime\Cache\Home\3f36e03cb4a38b2ed27bc75332298af5.php 第 43 行.
NOTIC: [8] Undefined offset: 5 E:\xampp\htdocs\moxing\Application\Runtime\Cache\Home\3f36e03cb4a38b2ed27bc75332298af5.php 第 43 行.
NOTIC: [8] Undefined offset: 6 E:\xampp\htdocs\moxing\Application\Runtime\Cache\Home\3f36e03cb4a38b2ed27bc75332298af5.php 第 42 行.
NOTIC: [8] Undefined offset: 6 E:\xampp\htdocs\moxing\Application\Runtime\Cache\Home\3f36e03cb4a38b2ed27bc75332298af5.php 第 42 行.
NOTIC: [8] Undefined offset: 7 E:\xampp\htdocs\moxing\Application\Runtime\Cache\Home\3f36e03cb4a38b2ed27bc75332298af5.php 第 43 行.
NOTIC: [8] Undefined offset: 7 E:\xampp\htdocs\moxing\Application\Runtime\Cache\Home\3f36e03cb4a38b2ed27bc75332298af5.php 第 43 行.
NOTIC: [8] Undefined offset: 8 E:\xampp\htdocs\moxing\Application\Runtime\Cache\Home\3f36e03cb4a38b2ed27bc75332298af5.php 第 42 行.
NOTIC: [8] Undefined offset: 8 E:\xampp\htdocs\moxing\Application\Runtime\Cache\Home\3f36e03cb4a38b2ed27bc75332298af5.php 第 42 行.
NOTIC: [8] Undefined offset: 9 E:\xampp\htdocs\moxing\Application\Runtime\Cache\Home\3f36e03cb4a38b2ed27bc75332298af5.php 第 43 行.
NOTIC: [8] Undefined offset: 9 E:\xampp\htdocs\moxing\Application\Runtime\Cache\Home\3f36e03cb4a38b2ed27bc75332298af5.php 第 43 行.
INFO: Run Behavior\ParseTemplateBehavior [ RunTime:0.009413s ]
INFO: [ view_parse ] --END-- [ RunTime:0.009483s ]
INFO: [ view_filter ] --START--
INFO: Run Behavior\WriteHtmlCacheBehavior [ RunTime:0.000887s ]
INFO: [ view_filter ] --END-- [ RunTime:0.000955s ]
INFO: [ app_end ] --START--
INFO: Run Behavior\ShowPageTraceBehavior [ RunTime:0.001222s ]
INFO: [ app_end ] --END-- [ RunTime:0.001285s ]

[ 2018-04-08T20:09:39+08:00 ] 127.0.0.1 /
INFO: [ app_init ] --START--
INFO: Run Behavior\BuildLiteBehavior [ RunTime:0.000019s ]
INFO: [ app_init ] --END-- [ RunTime:0.000633s ]
INFO: [ app_begin ] --START--
INFO: Run Behavior\ReadHtmlCacheBehavior [ RunTime:0.001250s ]
INFO: [ app_begin ] --END-- [ RunTime:0.001333s ]
NOTIC: [8] A session had already been started - ignoring session_start() E:\xampp\htdocs\moxing\ThinkPHP\Common\functions.php 第 1263 行.
SQL: SHOW COLUMNS FROM `classify` [ RunTime:0.0036s ]
SQL: SELECT * FROM `classify`  [ RunTime:0.0005s ]
INFO: [ view_parse ] --START--
INFO: [ template_filter ] --START--
INFO: Run Behavior\ContentReplaceBehavior [ RunTime:0.000062s ]
INFO: [ template_filter ] --END-- [ RunTime:0.000126s ]
INFO: Run Behavior\ParseTemplateBehavior [ RunTime:0.008865s ]
INFO: [ view_parse ] --END-- [ RunTime:0.008950s ]
INFO: [ view_filter ] --START--
INFO: Run Behavior\WriteHtmlCacheBehavior [ RunTime:0.000821s ]
INFO: [ view_filter ] --END-- [ RunTime:0.000899s ]
INFO: [ app_end ] --START--
INFO: Run Behavior\ShowPageTraceBehavior [ RunTime:0.001052s ]
INFO: [ app_end ] --END-- [ RunTime:0.001102s ]

[ 2018-04-08T20:09:47+08:00 ] 127.0.0.1 /index.php/Home/info/index/cid/1.html
INFO: [ app_init ] --START--
INFO: Run Behavior\BuildLiteBehavior [ RunTime:0.000015s ]
INFO: [ app_init ] --END-- [ RunTime:0.000752s ]
INFO: [ app_begin ] --START--
INFO: Run Behavior\ReadHtmlCacheBehavior [ RunTime:0.000984s ]
INFO: [ app_begin ] --END-- [ RunTime:0.001046s ]
NOTIC: [8] A session had already been started - ignoring session_start() E:\xampp\htdocs\moxing\ThinkPHP\Common\functions.php 第 1263 行.
SQL: SHOW COLUMNS FROM `moxing` [ RunTime:0.0051s ]
SQL: SHOW COLUMNS FROM `classify` [ RunTime:0.0038s ]
SQL: SELECT COUNT(id) AS tp_count FROM `moxing` WHERE `parent_id` = 1 LIMIT 1   [ RunTime:0.0005s ]
SQL: SELECT * FROM `classify` WHERE `id` = 1 LIMIT 1   [ RunTime:0.0004s ]
SQL: SELECT * FROM `moxing` WHERE `parent_id` = 1 LIMIT 0,12   [ RunTime:0.0004s ]
INFO: [ view_parse ] --START--
INFO: [ template_filter ] --START--
INFO: Run Behavior\ContentReplaceBehavior [ RunTime:0.000077s ]
INFO: [ template_filter ] --END-- [ RunTime:0.000167s ]
NOTIC: [8] Undefined offset: 0 E:\xampp\htdocs\moxing\Application\Runtime\Cache\Home\3f36e03cb4a38b2ed27bc75332298af5.php 第 42 行.
NOTIC: [8] Undefined offset: 0 E:\xampp\htdocs\moxing\Application\Runtime\Cache\Home\3f36e03cb4a38b2ed27bc75332298af5.php 第 42 行.
NOTIC: [8] Undefined offset: 1 E:\xampp\htdocs\moxing\Application\Runtime\Cache\Home\3f36e03cb4a38b2ed27bc75332298af5.php 第 43 行.
NOTIC: [8] Undefined offset: 1 E:\xampp\htdocs\moxing\Application\Runtime\Cache\Home\3f36e03cb4a38b2ed27bc75332298af5.php 第 43 行.
NOTIC: [8] Undefined offset: 2 E:\xampp\htdocs\moxing\Application\Runtime\Cache\Home\3f36e03cb4a38b2ed27bc75332298af5.php 第 42 行.
NOTIC: [8] Undefined offset: 2 E:\xampp\htdocs\moxing\Application\Runtime\Cache\Home\3f36e03cb4a38b2ed27bc75332298af5.php 第 42 行.
NOTIC: [8] Undefined offset: 3 E:\xampp\htdocs\moxing\Application\Runtime\Cache\Home\3f36e03cb4a38b2ed27bc75332298af5.php 第 43 行.
NOTIC: [8] Undefined offset: 3 E:\xampp\htdocs\moxing\Application\Runtime\Cache\Home\3f36e03cb4a38b2ed27bc75332298af5.php 第 43 行.
NOTIC: [8] Undefined offset: 4 E:\xampp\htdocs\moxing\Application\Runtime\Cache\Home\3f36e03cb4a38b2ed27bc75332298af5.php 第 42 行.
NOTIC: [8] Undefined offset: 4 E:\xampp\htdocs\moxing\Application\Runtime\Cache\Home\3f36e03cb4a38b2ed27bc75332298af5.php 第 42 行.
NOTIC: [8] Undefined offset: 5 E:\xampp\htdocs\moxing\Application\Runtime\Cache\Home\3f36e03cb4a38b2ed27bc75332298af5.php 第 43 行.
NOTIC: [8] Undefined offset: 5 E:\xampp\htdocs\moxing\Application\Runtime\Cache\Home\3f36e03cb4a38b2ed27bc75332298af5.php 第 43 行.
NOTIC: [8] Undefined offset: 6 E:\xampp\htdocs\moxing\Application\Runtime\Cache\Home\3f36e03cb4a38b2ed27bc75332298af5.php 第 42 行.
NOTIC: [8] Undefined offset: 6 E:\xampp\htdocs\moxing\Application\Runtime\Cache\Home\3f36e03cb4a38b2ed27bc75332298af5.php 第 42 行.
NOTIC: [8] Undefined offset: 7 E:\xampp\htdocs\moxing\Application\Runtime\Cache\Home\3f36e03cb4a38b2ed27bc75332298af5.php 第 43 行.
NOTIC: [8] Undefined offset: 7 E:\xampp\htdocs\moxing\Application\Runtime\Cache\Home\3f36e03cb4a38b2ed27bc75332298af5.php 第 43 行.
NOTIC: [8] Undefined offset: 8 E:\xampp\htdocs\moxing\Application\Runtime\Cache\Home\3f36e03cb4a38b2ed27bc75332298af5.php 第 42 行.
NOTIC: [8] Undefined offset: 8 E:\xampp\htdocs\moxing\Application\Runtime\Cache\Home\3f36e03cb4a38b2ed27bc75332298af5.php 第 42 行.
NOTIC: [8] Undefined offset: 9 E:\xampp\htdocs\moxing\Application\Runtime\Cache\Home\3f36e03cb4a38b2ed27bc75332298af5.php 第 43 行.
NOTIC: [8] Undefined offset: 9 E:\xampp\htdocs\moxing\Application\Runtime\Cache\Home\3f36e03cb4a38b2ed27bc75332298af5.php 第 43 行.
INFO: Run Behavior\ParseTemplateBehavior [ RunTime:0.010588s ]
INFO: [ view_parse ] --END-- [ RunTime:0.010660s ]
INFO: [ view_filter ] --START--
INFO: Run Behavior\WriteHtmlCacheBehavior [ RunTime:0.000782s ]
INFO: [ view_filter ] --END-- [ RunTime:0.000830s ]
INFO: [ app_end ] --START--
INFO: Run Behavior\ShowPageTraceBehavior [ RunTime:0.001064s ]
INFO: [ app_end ] --END-- [ RunTime:0.001126s ]

[ 2018-04-08T20:09:50+08:00 ] 127.0.0.1 /index.php/Home/Index/index.html
INFO: [ app_init ] --START--
INFO: Run Behavior\BuildLiteBehavior [ RunTime:0.000016s ]
INFO: [ app_init ] --END-- [ RunTime:0.000685s ]
INFO: [ app_begin ] --START--
INFO: Run Behavior\ReadHtmlCacheBehavior [ RunTime:0.001231s ]
INFO: [ app_begin ] --END-- [ RunTime:0.001324s ]
NOTIC: [8] A session had already been started - ignoring session_start() E:\xampp\htdocs\moxing\ThinkPHP\Common\functions.php 第 1263 行.
SQL: SHOW COLUMNS FROM `classify` [ RunTime:0.0041s ]
SQL: SELECT * FROM `classify`  [ RunTime:0.0005s ]
INFO: [ view_parse ] --START--
INFO: [ template_filter ] --START--
INFO: Run Behavior\ContentReplaceBehavior [ RunTime:0.000063s ]
INFO: [ template_filter ] --END-- [ RunTime:0.000130s ]
INFO: Run Behavior\ParseTemplateBehavior [ RunTime:0.010003s ]
INFO: [ view_parse ] --END-- [ RunTime:0.010093s ]
INFO: [ view_filter ] --START--
INFO: Run Behavior\WriteHtmlCacheBehavior [ RunTime:0.000738s ]
INFO: [ view_filter ] --END-- [ RunTime:0.000790s ]
INFO: [ app_end ] --START--
INFO: Run Behavior\ShowPageTraceBehavior [ RunTime:0.001427s ]
INFO: [ app_end ] --END-- [ RunTime:0.001530s ]

[ 2018-04-08T20:10:08+08:00 ] 127.0.0.1 /index.php/Home/Index/index.html
INFO: [ app_init ] --START--
INFO: Run Behavior\BuildLiteBehavior [ RunTime:0.000025s ]
INFO: [ app_init ] --END-- [ RunTime:0.000860s ]
INFO: [ app_begin ] --START--
INFO: Run Behavior\ReadHtmlCacheBehavior [ RunTime:0.001063s ]
INFO: [ app_begin ] --END-- [ RunTime:0.001146s ]
NOTIC: [8] A session had already been started - ignoring session_start() E:\xampp\htdocs\moxing\ThinkPHP\Common\functions.php 第 1263 行.
SQL: SHOW COLUMNS FROM `classify` [ RunTime:0.0041s ]
SQL: SELECT * FROM `classify`  [ RunTime:0.0004s ]
INFO: [ view_parse ] --START--
INFO: [ template_filter ] --START--
INFO: Run Behavior\ContentReplaceBehavior [ RunTime:0.000065s ]
INFO: [ template_filter ] --END-- [ RunTime:0.000154s ]
INFO: Run Behavior\ParseTemplateBehavior [ RunTime:0.009827s ]
INFO: [ view_parse ] --END-- [ RunTime:0.009925s ]
INFO: [ view_filter ] --START--
INFO: Run Behavior\WriteHtmlCacheBehavior [ RunTime:0.000917s ]
INFO: [ view_filter ] --END-- [ RunTime:0.000974s ]
INFO: [ app_end ] --START--
INFO: Run Behavior\ShowPageTraceBehavior [ RunTime:0.001135s ]
INFO: [ app_end ] --END-- [ RunTime:0.001186s ]

[ 2018-04-08T20:10:09+08:00 ] 127.0.0.1 /index.php/Home/info/index/cid/1.html
INFO: [ app_init ] --START--
INFO: Run Behavior\BuildLiteBehavior [ RunTime:0.000024s ]
INFO: [ app_init ] --END-- [ RunTime:0.000828s ]
INFO: [ app_begin ] --START--
INFO: Run Behavior\ReadHtmlCacheBehavior [ RunTime:0.001170s ]
INFO: [ app_begin ] --END-- [ RunTime:0.001247s ]
NOTIC: [8] A session had already been started - ignoring session_start() E:\xampp\htdocs\moxing\ThinkPHP\Common\functions.php 第 1263 行.
SQL: SHOW COLUMNS FROM `moxing` [ RunTime:0.0047s ]
SQL: SHOW COLUMNS FROM `classify` [ RunTime:0.0048s ]
SQL: SELECT COUNT(id) AS tp_count FROM `moxing` WHERE `parent_id` = 1 LIMIT 1   [ RunTime:0.0005s ]
SQL: SELECT * FROM `classify` WHERE `id` = 1 LIMIT 1   [ RunTime:0.0004s ]
SQL: SELECT * FROM `moxing` WHERE `parent_id` = 1 LIMIT 0,12   [ RunTime:0.0004s ]
INFO: [ view_parse ] --START--
INFO: [ template_filter ] --START--
INFO: Run Behavior\ContentReplaceBehavior [ RunTime:0.000068s ]
INFO: [ template_filter ] --END-- [ RunTime:0.000161s ]
NOTIC: [8] Undefined offset: 1 E:\xampp\htdocs\moxing\Application\Runtime\Cache\Home\3f36e03cb4a38b2ed27bc75332298af5.php 第 43 行.
NOTIC: [8] Undefined offset: 1 E:\xampp\htdocs\moxing\Application\Runtime\Cache\Home\3f36e03cb4a38b2ed27bc75332298af5.php 第 43 行.
NOTIC: [8] Undefined offset: 2 E:\xampp\htdocs\moxing\Application\Runtime\Cache\Home\3f36e03cb4a38b2ed27bc75332298af5.php 第 42 行.
NOTIC: [8] Undefined offset: 2 E:\xampp\htdocs\moxing\Application\Runtime\Cache\Home\3f36e03cb4a38b2ed27bc75332298af5.php 第 42 行.
NOTIC: [8] Undefined offset: 3 E:\xampp\htdocs\moxing\Application\Runtime\Cache\Home\3f36e03cb4a38b2ed27bc75332298af5.php 第 43 行.
NOTIC: [8] Undefined offset: 3 E:\xampp\htdocs\moxing\Application\Runtime\Cache\Home\3f36e03cb4a38b2ed27bc75332298af5.php 第 43 行.
NOTIC: [8] Undefined offset: 4 E:\xampp\htdocs\moxing\Application\Runtime\Cache\Home\3f36e03cb4a38b2ed27bc75332298af5.php 第 42 行.
NOTIC: [8] Undefined offset: 4 E:\xampp\htdocs\moxing\Application\Runtime\Cache\Home\3f36e03cb4a38b2ed27bc75332298af5.php 第 42 行.
NOTIC: [8] Undefined offset: 5 E:\xampp\htdocs\moxing\Application\Runtime\Cache\Home\3f36e03cb4a38b2ed27bc75332298af5.php 第 43 行.
NOTIC: [8] Undefined offset: 5 E:\xampp\htdocs\moxing\Application\Runtime\Cache\Home\3f36e03cb4a38b2ed27bc75332298af5.php 第 43 行.
NOTIC: [8] Undefined offset: 6 E:\xampp\htdocs\moxing\Application\Runtime\Cache\Home\3f36e03cb4a38b2ed27bc75332298af5.php 第 42 行.
NOTIC: [8] Undefined offset: 6 E:\xampp\htdocs\moxing\Application\Runtime\Cache\Home\3f36e03cb4a38b2ed27bc75332298af5.php 第 42 行.
NOTIC: [8] Undefined offset: 7 E:\xampp\htdocs\moxing\Application\Runtime\Cache\Home\3f36e03cb4a38b2ed27bc75332298af5.php 第 43 行.
NOTIC: [8] Undefined offset: 7 E:\xampp\htdocs\moxing\Application\Runtime\Cache\Home\3f36e03cb4a38b2ed27bc75332298af5.php 第 43 行.
NOTIC: [8] Undefined offset: 8 E:\xampp\htdocs\moxing\Application\Runtime\Cache\Home\3f36e03cb4a38b2ed27bc75332298af5.php 第 42 行.
NOTIC: [8] Undefined offset: 8 E:\xampp\htdocs\moxing\Application\Runtime\Cache\Home\3f36e03cb4a38b2ed27bc75332298af5.php 第 42 行.
NOTIC: [8] Undefined offset: 9 E:\xampp\htdocs\moxing\Application\Runtime\Cache\Home\3f36e03cb4a38b2ed27bc75332298af5.php 第 43 行.
NOTIC: [8] Undefined offset: 9 E:\xampp\htdocs\moxing\Application\Runtime\Cache\Home\3f36e03cb4a38b2ed27bc75332298af5.php 第 43 行.
INFO: Run Behavior\ParseTemplateBehavior [ RunTime:0.011596s ]
INFO: [ view_parse ] --END-- [ RunTime:0.011673s ]
INFO: [ view_filter ] --START--
INFO: Run Behavior\WriteHtmlCacheBehavior [ RunTime:0.000770s ]
INFO: [ view_filter ] --END-- [ RunTime:0.000823s ]
INFO: [ app_end ] --START--
INFO: Run Behavior\ShowPageTraceBehavior [ RunTime:0.001037s ]
INFO: [ app_end ] --END-- [ RunTime:0.001100s ]

[ 2018-04-08T20:10:11+08:00 ] 127.0.0.1 /index.php/Home/Detial/index/mid/1.html
INFO: [ app_init ] --START--
INFO: Run Behavior\BuildLiteBehavior [ RunTime:0.000024s ]
INFO: [ app_init ] --END-- [ RunTime:0.000906s ]
INFO: [ app_begin ] --START--
INFO: Run Behavior\ReadHtmlCacheBehavior [ RunTime:0.001426s ]
INFO: [ app_begin ] --END-- [ RunTime:0.001545s ]
NOTIC: [8] A session had already been started - ignoring session_start() E:\xampp\htdocs\moxing\ThinkPHP\Common\functions.php 第 1263 行.
SQL: SHOW COLUMNS FROM `moxing` [ RunTime:0.0045s ]
SQL: SHOW COLUMNS FROM `classify` [ RunTime:0.0046s ]
SQL: SELECT * FROM `moxing` WHERE `id` = 1 LIMIT 1   [ RunTime:0.0005s ]
SQL: SELECT * FROM `classify` WHERE `id` = 1 LIMIT 1   [ RunTime:0.0004s ]
INFO: [ view_parse ] --START--
INFO: [ template_filter ] --START--
INFO: Run Behavior\ContentReplaceBehavior [ RunTime:0.000086s ]
INFO: [ template_filter ] --END-- [ RunTime:0.000171s ]
NOTIC: [8] Undefined offset: 0 E:\xampp\htdocs\moxing\Application\Runtime\Cache\Home\a49b128fdbcf4c07d4f62210c4c1e34e.php 第 33 行.
INFO: Run Behavior\ParseTemplateBehavior [ RunTime:0.012197s ]
INFO: [ view_parse ] --END-- [ RunTime:0.012288s ]
INFO: [ view_filter ] --START--
INFO: Run Behavior\WriteHtmlCacheBehavior [ RunTime:0.000884s ]
INFO: [ view_filter ] --END-- [ RunTime:0.000951s ]
INFO: [ app_end ] --START--
INFO: Run Behavior\ShowPageTraceBehavior [ RunTime:0.001045s ]
INFO: [ app_end ] --END-- [ RunTime:0.001111s ]

[ 2018-04-08T20:10:12+08:00 ] 127.0.0.1 /index.php/Home/Detial/down/fid/1.html
INFO: [ app_init ] --START--
INFO: Run Behavior\BuildLiteBehavior [ RunTime:0.000017s ]
INFO: [ app_init ] --END-- [ RunTime:0.000778s ]
INFO: [ app_begin ] --START--
INFO: Run Behavior\ReadHtmlCacheBehavior [ RunTime:0.001377s ]
INFO: [ app_begin ] --END-- [ RunTime:0.001484s ]
NOTIC: [8] A session had already been started - ignoring session_start() E:\xampp\htdocs\moxing\ThinkPHP\Common\functions.php 第 1263 行.
SQL: SHOW COLUMNS FROM `moxing` [ RunTime:0.0040s ]
SQL: SELECT * FROM `moxing` WHERE `id` = 1 LIMIT 1   [ RunTime:0.0006s ]
NOTIC: [2] filesize(): stat failed for /home/www/htdocs/moxing/Uploads/File/2018-04-08/5aca069d95b20.zip E:\xampp\htdocs\moxing\Application\Common\Common\function.php 第 37 行.
NOTIC: [2] readfile(/home/www/htdocs/moxing/Uploads/File/2018-04-08/5aca069d95b20.zip): failed to open stream: No such file or directory E:\xampp\htdocs\moxing\Application\Common\Common\function.php 第 38 行.
INFO: [ app_end ] --START--
INFO: Run Behavior\ShowPageTraceBehavior [ RunTime:0.001190s ]
INFO: [ app_end ] --END-- [ RunTime:0.001262s ]

[ 2018-04-08T20:10:52+08:00 ] 127.0.0.1 /index.php/Home/Detial/down/fid/1.html
INFO: [ app_init ] --START--
INFO: Run Behavior\BuildLiteBehavior [ RunTime:0.000017s ]
INFO: [ app_init ] --END-- [ RunTime:0.000720s ]
INFO: [ app_begin ] --START--
INFO: Run Behavior\ReadHtmlCacheBehavior [ RunTime:0.001119s ]
INFO: [ app_begin ] --END-- [ RunTime:0.001210s ]
NOTIC: [8] A session had already been started - ignoring session_start() E:\xampp\htdocs\moxing\ThinkPHP\Common\functions.php 第 1263 行.
SQL: SHOW COLUMNS FROM `moxing` [ RunTime:0.0035s ]
SQL: SELECT * FROM `moxing` WHERE `id` = 1 LIMIT 1   [ RunTime:0.0004s ]
INFO: [ app_end ] --START--
INFO: Run Behavior\ShowPageTraceBehavior [ RunTime:0.001008s ]
INFO: [ app_end ] --END-- [ RunTime:0.001077s ]

[ 2018-04-08T21:01:58+08:00 ] 127.0.0.1 /index.php/Home/Index/index.html
INFO: [ app_init ] --START--
INFO: Run Behavior\BuildLiteBehavior [ RunTime:0.000017s ]
INFO: [ app_init ] --END-- [ RunTime:0.000756s ]
INFO: [ app_begin ] --START--
INFO: Run Behavior\ReadHtmlCacheBehavior [ RunTime:0.000974s ]
INFO: [ app_begin ] --END-- [ RunTime:0.001036s ]
NOTIC: [8] A session had already been started - ignoring session_start() E:\xampp\htdocs\moxing\ThinkPHP\Common\functions.php 第 1263 行.
SQL: SHOW COLUMNS FROM `classify` [ RunTime:0.0946s ]
SQL: SELECT * FROM `classify`  [ RunTime:0.0004s ]
INFO: [ view_parse ] --START--
INFO: [ template_filter ] --START--
INFO: Run Behavior\ContentReplaceBehavior [ RunTime:0.000111s ]
INFO: [ template_filter ] --END-- [ RunTime:0.000217s ]
INFO: Run Behavior\ParseTemplateBehavior [ RunTime:0.010696s ]
INFO: [ view_parse ] --END-- [ RunTime:0.010802s ]
INFO: [ view_filter ] --START--
INFO: Run Behavior\WriteHtmlCacheBehavior [ RunTime:0.001557s ]
INFO: [ view_filter ] --END-- [ RunTime:0.001658s ]
INFO: [ app_end ] --START--
INFO: Run Behavior\ShowPageTraceBehavior [ RunTime:0.001306s ]
INFO: [ app_end ] --END-- [ RunTime:0.001380s ]

[ 2018-04-08T22:38:53+08:00 ] 127.0.0.1 /
INFO: [ app_init ] --START--
INFO: Run Behavior\BuildLiteBehavior [ RunTime:0.000025s ]
INFO: [ app_init ] --END-- [ RunTime:0.001267s ]
INFO: [ app_begin ] --START--
INFO: Run Behavior\ReadHtmlCacheBehavior [ RunTime:0.001633s ]
INFO: [ app_begin ] --END-- [ RunTime:0.001740s ]
NOTIC: [8] A session had already been started - ignoring session_start() E:\xampp\htdocs\moxing\ThinkPHP\Common\functions.php 第 1263 行.
SQL: SHOW COLUMNS FROM `classify` [ RunTime:0.0260s ]
SQL: SELECT * FROM `classify`  [ RunTime:0.0006s ]
INFO: [ view_parse ] --START--
INFO: [ template_filter ] --START--
INFO: Run Behavior\ContentReplaceBehavior [ RunTime:0.000097s ]
INFO: [ template_filter ] --END-- [ RunTime:0.000199s ]
INFO: Run Behavior\ParseTemplateBehavior [ RunTime:0.013441s ]
INFO: [ view_parse ] --END-- [ RunTime:0.013550s ]
INFO: [ view_filter ] --START--
INFO: Run Behavior\WriteHtmlCacheBehavior [ RunTime:0.001077s ]
INFO: [ view_filter ] --END-- [ RunTime:0.001165s ]
INFO: [ app_end ] --START--
INFO: Run Behavior\ShowPageTraceBehavior [ RunTime:0.001523s ]
INFO: [ app_end ] --END-- [ RunTime:0.001616s ]

[ 2018-04-08T22:40:29+08:00 ] 127.0.0.1 /index.php/Home/Index/index.html
INFO: [ app_init ] --START--
INFO: Run Behavior\BuildLiteBehavior [ RunTime:0.000016s ]
INFO: [ app_init ] --END-- [ RunTime:0.000608s ]
INFO: [ app_begin ] --START--
INFO: Run Behavior\ReadHtmlCacheBehavior [ RunTime:0.001175s ]
INFO: [ app_begin ] --END-- [ RunTime:0.001252s ]
NOTIC: [8] A session had already been started - ignoring session_start() E:\xampp\htdocs\moxing\ThinkPHP\Common\functions.php 第 1263 行.
SQL: SHOW COLUMNS FROM `classify` [ RunTime:0.0037s ]
SQL: SELECT * FROM `classify`  [ RunTime:0.0007s ]
INFO: [ view_parse ] --START--
INFO: [ template_filter ] --START--
INFO: Run Behavior\ContentReplaceBehavior [ RunTime:0.000064s ]
INFO: [ template_filter ] --END-- [ RunTime:0.000133s ]
INFO: Run Behavior\ParseTemplateBehavior [ RunTime:0.009066s ]
INFO: [ view_parse ] --END-- [ RunTime:0.009151s ]
INFO: [ view_filter ] --START--
INFO: Run Behavior\WriteHtmlCacheBehavior [ RunTime:0.001105s ]
INFO: [ view_filter ] --END-- [ RunTime:0.001178s ]
INFO: [ app_end ] --START--
INFO: Run Behavior\ShowPageTraceBehavior [ RunTime:0.001229s ]
INFO: [ app_end ] --END-- [ RunTime:0.001285s ]

[ 2018-04-08T22:40:30+08:00 ] 127.0.0.1 /index.php/Home/info/index/cid/1.html
INFO: [ app_init ] --START--
INFO: Run Behavior\BuildLiteBehavior [ RunTime:0.000025s ]
INFO: [ app_init ] --END-- [ RunTime:0.000974s ]
INFO: [ app_begin ] --START--
INFO: Run Behavior\ReadHtmlCacheBehavior [ RunTime:0.000992s ]
INFO: [ app_begin ] --END-- [ RunTime:0.001057s ]
NOTIC: [8] A session had already been started - ignoring session_start() E:\xampp\htdocs\moxing\ThinkPHP\Common\functions.php 第 1263 行.
SQL: SHOW COLUMNS FROM `moxing` [ RunTime:0.0051s ]
SQL: SHOW COLUMNS FROM `classify` [ RunTime:0.0066s ]
SQL: SELECT COUNT(id) AS tp_count FROM `moxing` WHERE `parent_id` = 1 LIMIT 1   [ RunTime:0.0006s ]
SQL: SELECT * FROM `classify` WHERE `id` = 1 LIMIT 1   [ RunTime:0.0005s ]
SQL: SELECT * FROM `moxing` WHERE `parent_id` = 1 LIMIT 0,12   [ RunTime:0.0005s ]
INFO: [ view_parse ] --START--
INFO: [ template_filter ] --START--
INFO: Run Behavior\ContentReplaceBehavior [ RunTime:0.000066s ]
INFO: [ template_filter ] --END-- [ RunTime:0.000131s ]
NOTIC: [8] Undefined offset: 2 E:\xampp\htdocs\moxing\Application\Runtime\Cache\Home\3f36e03cb4a38b2ed27bc75332298af5.php 第 42 行.
NOTIC: [8] Undefined offset: 2 E:\xampp\htdocs\moxing\Application\Runtime\Cache\Home\3f36e03cb4a38b2ed27bc75332298af5.php 第 42 行.
NOTIC: [8] Undefined offset: 3 E:\xampp\htdocs\moxing\Application\Runtime\Cache\Home\3f36e03cb4a38b2ed27bc75332298af5.php 第 43 行.
NOTIC: [8] Undefined offset: 3 E:\xampp\htdocs\moxing\Application\Runtime\Cache\Home\3f36e03cb4a38b2ed27bc75332298af5.php 第 43 行.
NOTIC: [8] Undefined offset: 4 E:\xampp\htdocs\moxing\Application\Runtime\Cache\Home\3f36e03cb4a38b2ed27bc75332298af5.php 第 42 行.
NOTIC: [8] Undefined offset: 4 E:\xampp\htdocs\moxing\Application\Runtime\Cache\Home\3f36e03cb4a38b2ed27bc75332298af5.php 第 42 行.
NOTIC: [8] Undefined offset: 5 E:\xampp\htdocs\moxing\Application\Runtime\Cache\Home\3f36e03cb4a38b2ed27bc75332298af5.php 第 43 行.
NOTIC: [8] Undefined offset: 5 E:\xampp\htdocs\moxing\Application\Runtime\Cache\Home\3f36e03cb4a38b2ed27bc75332298af5.php 第 43 行.
NOTIC: [8] Undefined offset: 6 E:\xampp\htdocs\moxing\Application\Runtime\Cache\Home\3f36e03cb4a38b2ed27bc75332298af5.php 第 42 行.
NOTIC: [8] Undefined offset: 6 E:\xampp\htdocs\moxing\Application\Runtime\Cache\Home\3f36e03cb4a38b2ed27bc75332298af5.php 第 42 行.
NOTIC: [8] Undefined offset: 7 E:\xampp\htdocs\moxing\Application\Runtime\Cache\Home\3f36e03cb4a38b2ed27bc75332298af5.php 第 43 行.
NOTIC: [8] Undefined offset: 7 E:\xampp\htdocs\moxing\Application\Runtime\Cache\Home\3f36e03cb4a38b2ed27bc75332298af5.php 第 43 行.
NOTIC: [8] Undefined offset: 8 E:\xampp\htdocs\moxing\Application\Runtime\Cache\Home\3f36e03cb4a38b2ed27bc75332298af5.php 第 42 行.
NOTIC: [8] Undefined offset: 8 E:\xampp\htdocs\moxing\Application\Runtime\Cache\Home\3f36e03cb4a38b2ed27bc75332298af5.php 第 42 行.
NOTIC: [8] Undefined offset: 9 E:\xampp\htdocs\moxing\Application\Runtime\Cache\Home\3f36e03cb4a38b2ed27bc75332298af5.php 第 43 行.
NOTIC: [8] Undefined offset: 9 E:\xampp\htdocs\moxing\Application\Runtime\Cache\Home\3f36e03cb4a38b2ed27bc75332298af5.php 第 43 行.
INFO: Run Behavior\ParseTemplateBehavior [ RunTime:0.012676s ]
INFO: [ view_parse ] --END-- [ RunTime:0.012768s ]
INFO: [ view_filter ] --START--
INFO: Run Behavior\WriteHtmlCacheBehavior [ RunTime:0.000932s ]
INFO: [ view_filter ] --END-- [ RunTime:0.001003s ]
INFO: [ app_end ] --START--
INFO: Run Behavior\ShowPageTraceBehavior [ RunTime:0.001123s ]
INFO: [ app_end ] --END-- [ RunTime:0.001187s ]

[ 2018-04-08T22:40:31+08:00 ] 127.0.0.1 /index.php/Home/Detial/index/mid/2.html
INFO: [ app_init ] --START--
INFO: Run Behavior\BuildLiteBehavior [ RunTime:0.000024s ]
INFO: [ app_init ] --END-- [ RunTime:0.000853s ]
INFO: [ app_begin ] --START--
INFO: Run Behavior\ReadHtmlCacheBehavior [ RunTime:0.001024s ]
INFO: [ app_begin ] --END-- [ RunTime:0.001097s ]
NOTIC: [8] A session had already been started - ignoring session_start() E:\xampp\htdocs\moxing\ThinkPHP\Common\functions.php 第 1263 行.
SQL: SHOW COLUMNS FROM `moxing` [ RunTime:0.0044s ]
SQL: SHOW COLUMNS FROM `classify` [ RunTime:0.0055s ]
SQL: SELECT * FROM `moxing` WHERE `id` = 2 LIMIT 1   [ RunTime:0.0004s ]
SQL: SELECT * FROM `classify` WHERE `id` = 1 LIMIT 1   [ RunTime:0.0003s ]
INFO: [ view_parse ] --START--
INFO: [ template_filter ] --START--
INFO: Run Behavior\ContentReplaceBehavior [ RunTime:0.000075s ]
INFO: [ template_filter ] --END-- [ RunTime:0.000154s ]
NOTIC: [8] Undefined offset: 0 E:\xampp\htdocs\moxing\Application\Runtime\Cache\Home\a49b128fdbcf4c07d4f62210c4c1e34e.php 第 33 行.
INFO: Run Behavior\ParseTemplateBehavior [ RunTime:0.011882s ]
INFO: [ view_parse ] --END-- [ RunTime:0.011979s ]
INFO: [ view_filter ] --START--
INFO: Run Behavior\WriteHtmlCacheBehavior [ RunTime:0.000815s ]
INFO: [ view_filter ] --END-- [ RunTime:0.000871s ]
INFO: [ app_end ] --START--
INFO: Run Behavior\ShowPageTraceBehavior [ RunTime:0.001242s ]
INFO: [ app_end ] --END-- [ RunTime:0.001301s ]

[ 2018-04-08T22:40:33+08:00 ] 127.0.0.1 /index.php/Home/Detial/down/fid/2.html
INFO: [ app_init ] --START--
INFO: Run Behavior\BuildLiteBehavior [ RunTime:0.000057s ]
INFO: [ app_init ] --END-- [ RunTime:0.001497s ]
INFO: [ app_begin ] --START--
INFO: Run Behavior\ReadHtmlCacheBehavior [ RunTime:0.001413s ]
INFO: [ app_begin ] --END-- [ RunTime:0.001525s ]
NOTIC: [8] A session had already been started - ignoring session_start() E:\xampp\htdocs\moxing\ThinkPHP\Common\functions.php 第 1263 行.
SQL: SHOW COLUMNS FROM `moxing` [ RunTime:0.0054s ]
SQL: SELECT * FROM `moxing` WHERE `id` = 2 LIMIT 1   [ RunTime:0.0004s ]
NOTIC: [2] filesize(): stat failed for E://xammp/htdocs/moxing/Uploads/File/2018-04-08/5aca29d2ea55a.zip E:\xampp\htdocs\moxing\Application\Common\Common\function.php 第 37 行.
NOTIC: [2] readfile(E://xammp/htdocs/moxing/Uploads/File/2018-04-08/5aca29d2ea55a.zip): failed to open stream: No such file or directory E:\xampp\htdocs\moxing\Application\Common\Common\function.php 第 38 行.
INFO: [ app_end ] --START--
INFO: Run Behavior\ShowPageTraceBehavior [ RunTime:0.001755s ]
INFO: [ app_end ] --END-- [ RunTime:0.001852s ]

[ 2018-04-08T22:41:30+08:00 ] 127.0.0.1 /index.php/Home/info/index/cid/1.html
INFO: [ app_init ] --START--
INFO: Run Behavior\BuildLiteBehavior [ RunTime:0.000025s ]
INFO: [ app_init ] --END-- [ RunTime:0.000948s ]
INFO: [ app_begin ] --START--
INFO: Run Behavior\ReadHtmlCacheBehavior [ RunTime:0.001004s ]
INFO: [ app_begin ] --END-- [ RunTime:0.001079s ]
NOTIC: [8] A session had already been started - ignoring session_start() E:\xampp\htdocs\moxing\ThinkPHP\Common\functions.php 第 1263 行.
SQL: SHOW COLUMNS FROM `moxing` [ RunTime:0.0038s ]
SQL: SHOW COLUMNS FROM `classify` [ RunTime:0.0061s ]
SQL: SELECT COUNT(id) AS tp_count FROM `moxing` WHERE `parent_id` = 1 LIMIT 1   [ RunTime:0.0006s ]
SQL: SELECT * FROM `classify` WHERE `id` = 1 LIMIT 1   [ RunTime:0.0004s ]
SQL: SELECT * FROM `moxing` WHERE `parent_id` = 1 LIMIT 0,12   [ RunTime:0.0004s ]
INFO: [ view_parse ] --START--
INFO: [ template_filter ] --START--
INFO: Run Behavior\ContentReplaceBehavior [ RunTime:0.000103s ]
INFO: [ template_filter ] --END-- [ RunTime:0.000210s ]
NOTIC: [8] Undefined offset: 2 E:\xampp\htdocs\moxing\Application\Runtime\Cache\Home\3f36e03cb4a38b2ed27bc75332298af5.php 第 42 行.
NOTIC: [8] Undefined offset: 2 E:\xampp\htdocs\moxing\Application\Runtime\Cache\Home\3f36e03cb4a38b2ed27bc75332298af5.php 第 42 行.
NOTIC: [8] Undefined offset: 3 E:\xampp\htdocs\moxing\Application\Runtime\Cache\Home\3f36e03cb4a38b2ed27bc75332298af5.php 第 43 行.
NOTIC: [8] Undefined offset: 3 E:\xampp\htdocs\moxing\Application\Runtime\Cache\Home\3f36e03cb4a38b2ed27bc75332298af5.php 第 43 行.
NOTIC: [8] Undefined offset: 4 E:\xampp\htdocs\moxing\Application\Runtime\Cache\Home\3f36e03cb4a38b2ed27bc75332298af5.php 第 42 行.
NOTIC: [8] Undefined offset: 4 E:\xampp\htdocs\moxing\Application\Runtime\Cache\Home\3f36e03cb4a38b2ed27bc75332298af5.php 第 42 行.
NOTIC: [8] Undefined offset: 5 E:\xampp\htdocs\moxing\Application\Runtime\Cache\Home\3f36e03cb4a38b2ed27bc75332298af5.php 第 43 行.
NOTIC: [8] Undefined offset: 5 E:\xampp\htdocs\moxing\Application\Runtime\Cache\Home\3f36e03cb4a38b2ed27bc75332298af5.php 第 43 行.
NOTIC: [8] Undefined offset: 6 E:\xampp\htdocs\moxing\Application\Runtime\Cache\Home\3f36e03cb4a38b2ed27bc75332298af5.php 第 42 行.
NOTIC: [8] Undefined offset: 6 E:\xampp\htdocs\moxing\Application\Runtime\Cache\Home\3f36e03cb4a38b2ed27bc75332298af5.php 第 42 行.
NOTIC: [8] Undefined offset: 7 E:\xampp\htdocs\moxing\Application\Runtime\Cache\Home\3f36e03cb4a38b2ed27bc75332298af5.php 第 43 行.
NOTIC: [8] Undefined offset: 7 E:\xampp\htdocs\moxing\Application\Runtime\Cache\Home\3f36e03cb4a38b2ed27bc75332298af5.php 第 43 行.
NOTIC: [8] Undefined offset: 8 E:\xampp\htdocs\moxing\Application\Runtime\Cache\Home\3f36e03cb4a38b2ed27bc75332298af5.php 第 42 行.
NOTIC: [8] Undefined offset: 8 E:\xampp\htdocs\moxing\Application\Runtime\Cache\Home\3f36e03cb4a38b2ed27bc75332298af5.php 第 42 行.
NOTIC: [8] Undefined offset: 9 E:\xampp\htdocs\moxing\Application\Runtime\Cache\Home\3f36e03cb4a38b2ed27bc75332298af5.php 第 43 行.
NOTIC: [8] Undefined offset: 9 E:\xampp\htdocs\moxing\Application\Runtime\Cache\Home\3f36e03cb4a38b2ed27bc75332298af5.php 第 43 行.
INFO: Run Behavior\ParseTemplateBehavior [ RunTime:0.012189s ]
INFO: [ view_parse ] --END-- [ RunTime:0.012256s ]
INFO: [ view_filter ] --START--
INFO: Run Behavior\WriteHtmlCacheBehavior [ RunTime:0.000687s ]
INFO: [ view_filter ] --END-- [ RunTime:0.000736s ]
INFO: [ app_end ] --START--
INFO: Run Behavior\ShowPageTraceBehavior [ RunTime:0.000964s ]
INFO: [ app_end ] --END-- [ RunTime:0.001015s ]

[ 2018-04-08T22:41:32+08:00 ] 127.0.0.1 /index.php/Home/Detial/index/mid/2.html
INFO: [ app_init ] --START--
INFO: Run Behavior\BuildLiteBehavior [ RunTime:0.000033s ]
INFO: [ app_init ] --END-- [ RunTime:0.001045s ]
INFO: [ app_begin ] --START--
INFO: Run Behavior\ReadHtmlCacheBehavior [ RunTime:0.001276s ]
INFO: [ app_begin ] --END-- [ RunTime:0.001383s ]
NOTIC: [8] A session had already been started - ignoring session_start() E:\xampp\htdocs\moxing\ThinkPHP\Common\functions.php 第 1263 行.
SQL: SHOW COLUMNS FROM `moxing` [ RunTime:0.0053s ]
SQL: SHOW COLUMNS FROM `classify` [ RunTime:0.0054s ]
SQL: SELECT * FROM `moxing` WHERE `id` = 2 LIMIT 1   [ RunTime:0.0005s ]
SQL: SELECT * FROM `classify` WHERE `id` = 1 LIMIT 1   [ RunTime:0.0004s ]
INFO: [ view_parse ] --START--
INFO: [ template_filter ] --START--
INFO: Run Behavior\ContentReplaceBehavior [ RunTime:0.000106s ]
INFO: [ template_filter ] --END-- [ RunTime:0.000217s ]
NOTIC: [8] Undefined offset: 0 E:\xampp\htdocs\moxing\Application\Runtime\Cache\Home\a49b128fdbcf4c07d4f62210c4c1e34e.php 第 33 行.
INFO: Run Behavior\ParseTemplateBehavior [ RunTime:0.013869s ]
INFO: [ view_parse ] --END-- [ RunTime:0.013968s ]
INFO: [ view_filter ] --START--
INFO: Run Behavior\WriteHtmlCacheBehavior [ RunTime:0.000747s ]
INFO: [ view_filter ] --END-- [ RunTime:0.000807s ]
INFO: [ app_end ] --START--
INFO: Run Behavior\ShowPageTraceBehavior [ RunTime:0.001304s ]
INFO: [ app_end ] --END-- [ RunTime:0.001432s ]

[ 2018-04-08T22:41:33+08:00 ] 127.0.0.1 /index.php/Home/Detial/down/fid/2.html
INFO: [ app_init ] --START--
INFO: Run Behavior\BuildLiteBehavior [ RunTime:0.000017s ]
INFO: [ app_init ] --END-- [ RunTime:0.000661s ]
INFO: [ app_begin ] --START--
INFO: Run Behavior\ReadHtmlCacheBehavior [ RunTime:0.001072s ]
INFO: [ app_begin ] --END-- [ RunTime:0.001158s ]
NOTIC: [8] A session had already been started - ignoring session_start() E:\xampp\htdocs\moxing\ThinkPHP\Common\functions.php 第 1263 行.
SQL: SHOW COLUMNS FROM `moxing` [ RunTime:0.0054s ]
SQL: SELECT * FROM `moxing` WHERE `id` = 2 LIMIT 1   [ RunTime:0.0005s ]
INFO: [ app_end ] --START--
INFO: Run Behavior\ShowPageTraceBehavior [ RunTime:0.001145s ]
INFO: [ app_end ] --END-- [ RunTime:0.001245s ]

